2022-11-23 08:38:08.075  INFO 12800 --- [restartedMain] com.mycom.project.ProjectApplication     : Starting ProjectApplication using Java 1.8.0_192 on DESKTOP-KVCQHCD with PID 12800 (C:\Users\SSAFY\Desktop\SpringProject\Project\bin\main started by SSAFY in C:\Users\SSAFY\Desktop\SpringProject\Project)
2022-11-23 08:38:08.078  INFO 12800 --- [restartedMain] com.mycom.project.ProjectApplication     : No active profile set, falling back to 1 default profile: "default"
2022-11-23 08:38:08.106  INFO 12800 --- [restartedMain] .e.DevToolsPropertyDefaultsPostProcessor : Devtools property defaults active! Set 'spring.devtools.add-properties' to 'false' to disable
2022-11-23 08:38:08.107  INFO 12800 --- [restartedMain] .e.DevToolsPropertyDefaultsPostProcessor : For additional web related logging consider setting the 'logging.level.web' property to 'DEBUG'
2022-11-23 08:38:08.841  INFO 12800 --- [restartedMain] o.s.b.w.embedded.tomcat.TomcatWebServer  : Tomcat initialized with port(s): 8080 (http)
2022-11-23 08:38:08.852  INFO 12800 --- [restartedMain] o.apache.catalina.core.StandardService   : Starting service [Tomcat]
2022-11-23 08:38:08.853  INFO 12800 --- [restartedMain] org.apache.catalina.core.StandardEngine  : Starting Servlet engine: [Apache Tomcat/9.0.68]
2022-11-23 08:38:08.900  INFO 12800 --- [restartedMain] o.a.c.c.C.[Tomcat].[localhost].[/]       : Initializing Spring embedded WebApplicationContext
2022-11-23 08:38:08.900  INFO 12800 --- [restartedMain] w.s.c.ServletWebServerApplicationContext : Root WebApplicationContext: initialization completed in 793 ms
2022-11-23 08:38:09.244  INFO 12800 --- [restartedMain] o.s.b.a.w.s.WelcomePageHandlerMapping    : Adding welcome page: class path resource [static/index.html]
2022-11-23 08:38:09.454  INFO 12800 --- [restartedMain] o.s.b.d.a.OptionalLiveReloadServer       : LiveReload server is running on port 35729
2022-11-23 08:38:09.478  INFO 12800 --- [restartedMain] o.s.b.w.embedded.tomcat.TomcatWebServer  : Tomcat started on port(s): 8080 (http) with context path ''
2022-11-23 08:38:09.484  INFO 12800 --- [restartedMain] com.mycom.project.ProjectApplication     : Started ProjectApplication in 1.662 seconds (JVM running for 2.154)
2022-11-23 08:38:14.921  INFO 12800 --- [http-nio-8080-exec-1] o.a.c.c.C.[Tomcat].[localhost].[/]       : Initializing Spring DispatcherServlet 'dispatcherServlet'
2022-11-23 08:38:14.922  INFO 12800 --- [http-nio-8080-exec-1] o.s.web.servlet.DispatcherServlet        : Initializing Servlet 'dispatcherServlet'
2022-11-23 08:38:14.922  INFO 12800 --- [http-nio-8080-exec-1] o.s.web.servlet.DispatcherServlet        : Completed initialization in 0 ms
2022-11-23 08:38:14.977  INFO 12800 --- [http-nio-8080-exec-2] com.zaxxer.hikari.HikariDataSource       : HikariPool-1 - Starting...
2022-11-23 08:38:15.113  INFO 12800 --- [http-nio-8080-exec-2] com.zaxxer.hikari.HikariDataSource       : HikariPool-1 - Start completed.
2022-11-23 08:38:15.229  WARN 12800 --- [http-nio-8080-exec-2] .m.m.a.ExceptionHandlerExceptionResolver : Resolved [org.springframework.jdbc.BadSqlGrammarException: <EOL><EOL>### Error updating database.  Cause: java.sql.SQLSyntaxErrorException: Unknown column 'token' in 'field list'<EOL><EOL>### The error may exist in mapper/login_query.xml<EOL><EOL>### The error may involve com.mycom.project.login.dao.LoginDao.saveRefreshToken-Inline<EOL><EOL>### The error occurred while setting parameters<EOL><EOL>### SQL: update users   set token = ?   where user_seq = ?<EOL><EOL>### Cause: java.sql.SQLSyntaxErrorException: Unknown column 'token' in 'field list'<EOL>; bad SQL grammar []; nested exception is java.sql.SQLSyntaxErrorException: Unknown column 'token' in 'field list']
2022-11-23 08:39:47.270  INFO 12800 --- [File Watcher] rtingClassPathChangeChangedEventListener : Restarting due to 52 class path changes (0 additions, 52 deletions, 0 modifications)
2022-11-23 08:39:47.361  INFO 12800 --- [Thread-6] o.apache.catalina.core.StandardService   : Stopping service [Tomcat]
2022-11-23 08:39:47.362  INFO 12800 --- [Thread-6] o.a.c.c.C.[Tomcat].[localhost].[/]       : Destroying Spring FrameworkServlet 'dispatcherServlet'
2022-11-23 08:39:47.365  WARN 12800 --- [Thread-6] o.a.c.loader.WebappClassLoaderBase       : The web application [ROOT] appears to have started a thread named [HikariPool-1 housekeeper] but has failed to stop it. This is very likely to create a memory leak. Stack trace of thread:
 sun.misc.Unsafe.park(Native Method)
 java.util.concurrent.locks.LockSupport.parkNanos(LockSupport.java:215)
 java.util.concurrent.locks.AbstractQueuedSynchronizer$ConditionObject.awaitNanos(AbstractQueuedSynchronizer.java:2078)
 java.util.concurrent.ScheduledThreadPoolExecutor$DelayedWorkQueue.take(ScheduledThreadPoolExecutor.java:1093)
 java.util.concurrent.ScheduledThreadPoolExecutor$DelayedWorkQueue.take(ScheduledThreadPoolExecutor.java:809)
 java.util.concurrent.ThreadPoolExecutor.getTask(ThreadPoolExecutor.java:1074)
 java.util.concurrent.ThreadPoolExecutor.runWorker(ThreadPoolExecutor.java:1134)
 java.util.concurrent.ThreadPoolExecutor$Worker.run(ThreadPoolExecutor.java:624)
 java.lang.Thread.run(Thread.java:748)
2022-11-23 08:39:47.369  INFO 12800 --- [Thread-6] com.zaxxer.hikari.HikariDataSource       : HikariPool-1 - Shutdown initiated...
2022-11-23 08:39:47.376  INFO 12800 --- [Thread-6] com.zaxxer.hikari.HikariDataSource       : HikariPool-1 - Shutdown completed.
2022-11-23 08:39:47.479  INFO 12800 --- [restartedMain] com.mycom.project.ProjectApplication     : Starting ProjectApplication using Java 1.8.0_192 on DESKTOP-KVCQHCD with PID 12800 (C:\Users\SSAFY\Desktop\SpringProject\Project\bin\main started by SSAFY in C:\Users\SSAFY\Desktop\SpringProject\Project)
2022-11-23 08:39:47.480  INFO 12800 --- [restartedMain] com.mycom.project.ProjectApplication     : No active profile set, falling back to 1 default profile: "default"
2022-11-23 08:39:47.605  WARN 12800 --- [restartedMain] o.m.s.mapper.ClassPathMapperScanner      : No MyBatis mapper was found in '[com.mycom.project]' package. Please check your configuration.
2022-11-23 08:39:47.662  INFO 12800 --- [restartedMain] o.s.b.w.embedded.tomcat.TomcatWebServer  : Tomcat initialized with port(s): 8080 (http)
2022-11-23 08:39:47.663  INFO 12800 --- [restartedMain] o.apache.catalina.core.StandardService   : Starting service [Tomcat]
2022-11-23 08:39:47.663  INFO 12800 --- [restartedMain] org.apache.catalina.core.StandardEngine  : Starting Servlet engine: [Apache Tomcat/9.0.68]
2022-11-23 08:39:47.672  INFO 12800 --- [restartedMain] o.a.c.c.C.[Tomcat].[localhost].[/]       : Initializing Spring embedded WebApplicationContext
2022-11-23 08:39:47.672  INFO 12800 --- [restartedMain] w.s.c.ServletWebServerApplicationContext : Root WebApplicationContext: initialization completed in 191 ms
2022-11-23 08:39:47.694  INFO 12800 --- [restartedMain] o.s.b.a.w.s.WelcomePageHandlerMapping    : Adding welcome page: class path resource [static/index.html]
2022-11-23 08:39:47.720  WARN 12800 --- [restartedMain] ConfigServletWebServerApplicationContext : Exception encountered during context initialization - cancelling refresh attempt: org.springframework.beans.factory.BeanCreationException: Error creating bean with name 'sqlSessionFactory' defined in class path resource [org/mybatis/spring/boot/autoconfigure/MybatisAutoConfiguration.class]: Bean instantiation via factory method failed; nested exception is org.springframework.beans.BeanInstantiationException: Failed to instantiate [org.apache.ibatis.session.SqlSessionFactory]: Factory method 'sqlSessionFactory' threw exception; nested exception is org.springframework.core.NestedIOException: Failed to parse config resource: class path resource [config/mybatis-config.xml]; nested exception is org.apache.ibatis.builder.BuilderException: Error parsing SQL Mapper Configuration. Cause: org.apache.ibatis.builder.BuilderException: Error parsing Mapper XML. The XML location is 'mapper/user_query.xml'. Cause: org.apache.ibatis.builder.BuilderException: Error resolving class. Cause: org.apache.ibatis.type.TypeException: Could not resolve type alias 'com.mycom.project.user.dto.UserDto'.  Cause: java.lang.ClassNotFoundException: Cannot find class: com.mycom.project.user.dto.UserDto
2022-11-23 08:39:47.721  INFO 12800 --- [restartedMain] o.apache.catalina.core.StandardService   : Stopping service [Tomcat]
2022-11-23 08:39:47.725  INFO 12800 --- [restartedMain] ConditionEvaluationReportLoggingListener : 

Error starting ApplicationContext. To display the conditions report re-run your application with 'debug' enabled.
2022-11-23 08:39:47.743 ERROR 12800 --- [restartedMain] o.s.boot.SpringApplication               : Application run failed

org.springframework.beans.factory.BeanCreationException: Error creating bean with name 'sqlSessionFactory' defined in class path resource [org/mybatis/spring/boot/autoconfigure/MybatisAutoConfiguration.class]: Bean instantiation via factory method failed; nested exception is org.springframework.beans.BeanInstantiationException: Failed to instantiate [org.apache.ibatis.session.SqlSessionFactory]: Factory method 'sqlSessionFactory' threw exception; nested exception is org.springframework.core.NestedIOException: Failed to parse config resource: class path resource [config/mybatis-config.xml]; nested exception is org.apache.ibatis.builder.BuilderException: Error parsing SQL Mapper Configuration. Cause: org.apache.ibatis.builder.BuilderException: Error parsing Mapper XML. The XML location is 'mapper/user_query.xml'. Cause: org.apache.ibatis.builder.BuilderException: Error resolving class. Cause: org.apache.ibatis.type.TypeException: Could not resolve type alias 'com.mycom.project.user.dto.UserDto'.  Cause: java.lang.ClassNotFoundException: Cannot find class: com.mycom.project.user.dto.UserDto
	at org.springframework.beans.factory.support.ConstructorResolver.instantiate(ConstructorResolver.java:658) ~[spring-beans-5.3.23.jar:5.3.23]
	at org.springframework.beans.factory.support.ConstructorResolver.instantiateUsingFactoryMethod(ConstructorResolver.java:638) ~[spring-beans-5.3.23.jar:5.3.23]
	at org.springframework.beans.factory.support.AbstractAutowireCapableBeanFactory.instantiateUsingFactoryMethod(AbstractAutowireCapableBeanFactory.java:1352) ~[spring-beans-5.3.23.jar:5.3.23]
	at org.springframework.beans.factory.support.AbstractAutowireCapableBeanFactory.createBeanInstance(AbstractAutowireCapableBeanFactory.java:1195) ~[spring-beans-5.3.23.jar:5.3.23]
	at org.springframework.beans.factory.support.AbstractAutowireCapableBeanFactory.doCreateBean(AbstractAutowireCapableBeanFactory.java:582) ~[spring-beans-5.3.23.jar:5.3.23]
	at org.springframework.beans.factory.support.AbstractAutowireCapableBeanFactory.createBean(AbstractAutowireCapableBeanFactory.java:542) ~[spring-beans-5.3.23.jar:5.3.23]
	at org.springframework.beans.factory.support.AbstractBeanFactory.lambda$doGetBean$0(AbstractBeanFactory.java:335) ~[spring-beans-5.3.23.jar:5.3.23]
	at org.springframework.beans.factory.support.DefaultSingletonBeanRegistry.getSingleton(DefaultSingletonBeanRegistry.java:234) ~[spring-beans-5.3.23.jar:5.3.23]
	at org.springframework.beans.factory.support.AbstractBeanFactory.doGetBean(AbstractBeanFactory.java:333) ~[spring-beans-5.3.23.jar:5.3.23]
	at org.springframework.beans.factory.support.AbstractBeanFactory.getBean(AbstractBeanFactory.java:208) ~[spring-beans-5.3.23.jar:5.3.23]
	at org.springframework.beans.factory.support.DefaultListableBeanFactory.preInstantiateSingletons(DefaultListableBeanFactory.java:955) ~[spring-beans-5.3.23.jar:5.3.23]
	at org.springframework.context.support.AbstractApplicationContext.finishBeanFactoryInitialization(AbstractApplicationContext.java:918) ~[spring-context-5.3.23.jar:5.3.23]
	at org.springframework.context.support.AbstractApplicationContext.refresh(AbstractApplicationContext.java:583) ~[spring-context-5.3.23.jar:5.3.23]
	at org.springframework.boot.web.servlet.context.ServletWebServerApplicationContext.refresh(ServletWebServerApplicationContext.java:147) ~[spring-boot-2.7.5.jar:2.7.5]
	at org.springframework.boot.SpringApplication.refresh(SpringApplication.java:734) [spring-boot-2.7.5.jar:2.7.5]
	at org.springframework.boot.SpringApplication.refreshContext(SpringApplication.java:408) [spring-boot-2.7.5.jar:2.7.5]
	at org.springframework.boot.SpringApplication.run(SpringApplication.java:308) [spring-boot-2.7.5.jar:2.7.5]
	at org.springframework.boot.SpringApplication.run(SpringApplication.java:1306) [spring-boot-2.7.5.jar:2.7.5]
	at org.springframework.boot.SpringApplication.run(SpringApplication.java:1295) [spring-boot-2.7.5.jar:2.7.5]
	at com.mycom.project.ProjectApplication.main(ProjectApplication.java:10) [main/:na]
	at sun.reflect.NativeMethodAccessorImpl.invoke0(Native Method) ~[na:1.8.0_192]
	at sun.reflect.NativeMethodAccessorImpl.invoke(NativeMethodAccessorImpl.java:62) ~[na:1.8.0_192]
	at sun.reflect.DelegatingMethodAccessorImpl.invoke(DelegatingMethodAccessorImpl.java:43) ~[na:1.8.0_192]
	at java.lang.reflect.Method.invoke(Method.java:498) ~[na:1.8.0_192]
	at org.springframework.boot.devtools.restart.RestartLauncher.run(RestartLauncher.java:49) [spring-boot-devtools-2.7.5.jar:2.7.5]
Caused by: org.springframework.beans.BeanInstantiationException: Failed to instantiate [org.apache.ibatis.session.SqlSessionFactory]: Factory method 'sqlSessionFactory' threw exception; nested exception is org.springframework.core.NestedIOException: Failed to parse config resource: class path resource [config/mybatis-config.xml]; nested exception is org.apache.ibatis.builder.BuilderException: Error parsing SQL Mapper Configuration. Cause: org.apache.ibatis.builder.BuilderException: Error parsing Mapper XML. The XML location is 'mapper/user_query.xml'. Cause: org.apache.ibatis.builder.BuilderException: Error resolving class. Cause: org.apache.ibatis.type.TypeException: Could not resolve type alias 'com.mycom.project.user.dto.UserDto'.  Cause: java.lang.ClassNotFoundException: Cannot find class: com.mycom.project.user.dto.UserDto
	at org.springframework.beans.factory.support.SimpleInstantiationStrategy.instantiate(SimpleInstantiationStrategy.java:185) ~[spring-beans-5.3.23.jar:5.3.23]
	at org.springframework.beans.factory.support.ConstructorResolver.instantiate(ConstructorResolver.java:653) ~[spring-beans-5.3.23.jar:5.3.23]
	... 24 common frames omitted
Caused by: org.springframework.core.NestedIOException: Failed to parse config resource: class path resource [config/mybatis-config.xml]; nested exception is org.apache.ibatis.builder.BuilderException: Error parsing SQL Mapper Configuration. Cause: org.apache.ibatis.builder.BuilderException: Error parsing Mapper XML. The XML location is 'mapper/user_query.xml'. Cause: org.apache.ibatis.builder.BuilderException: Error resolving class. Cause: org.apache.ibatis.type.TypeException: Could not resolve type alias 'com.mycom.project.user.dto.UserDto'.  Cause: java.lang.ClassNotFoundException: Cannot find class: com.mycom.project.user.dto.UserDto
	at org.mybatis.spring.SqlSessionFactoryBean.buildSqlSessionFactory(SqlSessionFactoryBean.java:590) ~[mybatis-spring-2.0.7.jar:2.0.7]
	at org.mybatis.spring.SqlSessionFactoryBean.afterPropertiesSet(SqlSessionFactoryBean.java:491) ~[mybatis-spring-2.0.7.jar:2.0.7]
	at org.mybatis.spring.SqlSessionFactoryBean.getObject(SqlSessionFactoryBean.java:633) ~[mybatis-spring-2.0.7.jar:2.0.7]
	at org.mybatis.spring.boot.autoconfigure.MybatisAutoConfiguration.sqlSessionFactory(MybatisAutoConfiguration.java:188) ~[mybatis-spring-boot-autoconfigure-2.2.2.jar:2.2.2]
	at org.mybatis.spring.boot.autoconfigure.MybatisAutoConfiguration$$EnhancerBySpringCGLIB$$ab9357d1.CGLIB$sqlSessionFactory$1(<generated>) ~[mybatis-spring-boot-autoconfigure-2.2.2.jar:2.2.2]
	at org.mybatis.spring.boot.autoconfigure.MybatisAutoConfiguration$$EnhancerBySpringCGLIB$$ab9357d1$$FastClassBySpringCGLIB$$cf8bc218.invoke(<generated>) ~[mybatis-spring-boot-autoconfigure-2.2.2.jar:2.2.2]
	at org.springframework.cglib.proxy.MethodProxy.invokeSuper(MethodProxy.java:244) ~[spring-core-5.3.23.jar:5.3.23]
	at org.springframework.context.annotation.ConfigurationClassEnhancer$BeanMethodInterceptor.intercept(ConfigurationClassEnhancer.java:331) ~[spring-context-5.3.23.jar:5.3.23]
	at org.mybatis.spring.boot.autoconfigure.MybatisAutoConfiguration$$EnhancerBySpringCGLIB$$ab9357d1.sqlSessionFactory(<generated>) ~[mybatis-spring-boot-autoconfigure-2.2.2.jar:2.2.2]
	at sun.reflect.NativeMethodAccessorImpl.invoke0(Native Method) ~[na:1.8.0_192]
	at sun.reflect.NativeMethodAccessorImpl.invoke(NativeMethodAccessorImpl.java:62) ~[na:1.8.0_192]
	at sun.reflect.DelegatingMethodAccessorImpl.invoke(DelegatingMethodAccessorImpl.java:43) ~[na:1.8.0_192]
	at java.lang.reflect.Method.invoke(Method.java:498) ~[na:1.8.0_192]
	at org.springframework.beans.factory.support.SimpleInstantiationStrategy.instantiate(SimpleInstantiationStrategy.java:154) ~[spring-beans-5.3.23.jar:5.3.23]
	... 25 common frames omitted
Caused by: org.apache.ibatis.builder.BuilderException: Error parsing SQL Mapper Configuration. Cause: org.apache.ibatis.builder.BuilderException: Error parsing Mapper XML. The XML location is 'mapper/user_query.xml'. Cause: org.apache.ibatis.builder.BuilderException: Error resolving class. Cause: org.apache.ibatis.type.TypeException: Could not resolve type alias 'com.mycom.project.user.dto.UserDto'.  Cause: java.lang.ClassNotFoundException: Cannot find class: com.mycom.project.user.dto.UserDto
	at org.apache.ibatis.builder.xml.XMLConfigBuilder.parseConfiguration(XMLConfigBuilder.java:122) ~[mybatis-3.5.9.jar:3.5.9]
	at org.apache.ibatis.builder.xml.XMLConfigBuilder.parse(XMLConfigBuilder.java:99) ~[mybatis-3.5.9.jar:3.5.9]
	at org.mybatis.spring.SqlSessionFactoryBean.buildSqlSessionFactory(SqlSessionFactoryBean.java:587) ~[mybatis-spring-2.0.7.jar:2.0.7]
	... 38 common frames omitted
Caused by: org.apache.ibatis.builder.BuilderException: Error parsing Mapper XML. The XML location is 'mapper/user_query.xml'. Cause: org.apache.ibatis.builder.BuilderException: Error resolving class. Cause: org.apache.ibatis.type.TypeException: Could not resolve type alias 'com.mycom.project.user.dto.UserDto'.  Cause: java.lang.ClassNotFoundException: Cannot find class: com.mycom.project.user.dto.UserDto
	at org.apache.ibatis.builder.xml.XMLMapperBuilder.configurationElement(XMLMapperBuilder.java:123) ~[mybatis-3.5.9.jar:3.5.9]
	at org.apache.ibatis.builder.xml.XMLMapperBuilder.parse(XMLMapperBuilder.java:95) ~[mybatis-3.5.9.jar:3.5.9]
	at org.apache.ibatis.builder.xml.XMLConfigBuilder.mapperElement(XMLConfigBuilder.java:379) ~[mybatis-3.5.9.jar:3.5.9]
	at org.apache.ibatis.builder.xml.XMLConfigBuilder.parseConfiguration(XMLConfigBuilder.java:120) ~[mybatis-3.5.9.jar:3.5.9]
	... 40 common frames omitted
Caused by: org.apache.ibatis.builder.BuilderException: Error resolving class. Cause: org.apache.ibatis.type.TypeException: Could not resolve type alias 'com.mycom.project.user.dto.UserDto'.  Cause: java.lang.ClassNotFoundException: Cannot find class: com.mycom.project.user.dto.UserDto
	at org.apache.ibatis.builder.BaseBuilder.resolveClass(BaseBuilder.java:118) ~[mybatis-3.5.9.jar:3.5.9]
	at org.apache.ibatis.builder.xml.XMLStatementBuilder.parseStatementNode(XMLStatementBuilder.java:76) ~[mybatis-3.5.9.jar:3.5.9]
	at org.apache.ibatis.builder.xml.XMLMapperBuilder.buildStatementFromContext(XMLMapperBuilder.java:138) ~[mybatis-3.5.9.jar:3.5.9]
	at org.apache.ibatis.builder.xml.XMLMapperBuilder.buildStatementFromContext(XMLMapperBuilder.java:131) ~[mybatis-3.5.9.jar:3.5.9]
	at org.apache.ibatis.builder.xml.XMLMapperBuilder.configurationElement(XMLMapperBuilder.java:121) ~[mybatis-3.5.9.jar:3.5.9]
	... 43 common frames omitted
Caused by: org.apache.ibatis.type.TypeException: Could not resolve type alias 'com.mycom.project.user.dto.UserDto'.  Cause: java.lang.ClassNotFoundException: Cannot find class: com.mycom.project.user.dto.UserDto
	at org.apache.ibatis.type.TypeAliasRegistry.resolveAlias(TypeAliasRegistry.java:120) ~[mybatis-3.5.9.jar:3.5.9]
	at org.apache.ibatis.builder.BaseBuilder.resolveAlias(BaseBuilder.java:149) ~[mybatis-3.5.9.jar:3.5.9]
	at org.apache.ibatis.builder.BaseBuilder.resolveClass(BaseBuilder.java:116) ~[mybatis-3.5.9.jar:3.5.9]
	... 47 common frames omitted
Caused by: java.lang.ClassNotFoundException: Cannot find class: com.mycom.project.user.dto.UserDto
	at org.apache.ibatis.io.ClassLoaderWrapper.classForName(ClassLoaderWrapper.java:196) ~[mybatis-3.5.9.jar:3.5.9]
	at org.apache.ibatis.io.ClassLoaderWrapper.classForName(ClassLoaderWrapper.java:89) ~[mybatis-3.5.9.jar:3.5.9]
	at org.apache.ibatis.io.Resources.classForName(Resources.java:261) ~[mybatis-3.5.9.jar:3.5.9]
	at org.apache.ibatis.type.TypeAliasRegistry.resolveAlias(TypeAliasRegistry.java:116) ~[mybatis-3.5.9.jar:3.5.9]
	... 49 common frames omitted

2022-11-23 08:40:04.639  INFO 12800 --- [restartedMain] com.mycom.project.ProjectApplication     : Starting ProjectApplication using Java 1.8.0_192 on DESKTOP-KVCQHCD with PID 12800 (C:\Users\SSAFY\Desktop\SpringProject\Project\bin\main started by SSAFY in C:\Users\SSAFY\Desktop\SpringProject\Project)
2022-11-23 08:40:04.639  INFO 12800 --- [restartedMain] com.mycom.project.ProjectApplication     : No active profile set, falling back to 1 default profile: "default"
2022-11-23 08:40:04.810  INFO 12800 --- [restartedMain] o.s.b.w.embedded.tomcat.TomcatWebServer  : Tomcat initialized with port(s): 8080 (http)
2022-11-23 08:40:04.811  INFO 12800 --- [restartedMain] o.apache.catalina.core.StandardService   : Starting service [Tomcat]
2022-11-23 08:40:04.811  INFO 12800 --- [restartedMain] org.apache.catalina.core.StandardEngine  : Starting Servlet engine: [Apache Tomcat/9.0.68]
2022-11-23 08:40:04.822  INFO 12800 --- [restartedMain] o.a.c.c.C.[Tomcat-1].[localhost].[/]     : Initializing Spring embedded WebApplicationContext
2022-11-23 08:40:04.822  INFO 12800 --- [restartedMain] w.s.c.ServletWebServerApplicationContext : Root WebApplicationContext: initialization completed in 181 ms
2022-11-23 08:40:04.903  INFO 12800 --- [restartedMain] o.s.b.a.w.s.WelcomePageHandlerMapping    : Adding welcome page: class path resource [static/index.html]
2022-11-23 08:40:04.942  INFO 12800 --- [restartedMain] o.s.b.d.a.OptionalLiveReloadServer       : LiveReload server is running on port 35729
2022-11-23 08:40:04.949  INFO 12800 --- [restartedMain] o.s.b.w.embedded.tomcat.TomcatWebServer  : Tomcat started on port(s): 8080 (http) with context path ''
2022-11-23 08:40:04.952  INFO 12800 --- [restartedMain] com.mycom.project.ProjectApplication     : Started ProjectApplication in 0.33 seconds (JVM running for 117.621)
2022-11-23 08:40:04.953  INFO 12800 --- [restartedMain] .ConditionEvaluationDeltaLoggingListener : Condition evaluation unchanged
2022-11-23 08:40:45.833  INFO 12800 --- [File Watcher] rtingClassPathChangeChangedEventListener : Restarting due to 52 class path changes (0 additions, 0 deletions, 52 modifications)
2022-11-23 08:40:45.927  INFO 12800 --- [Thread-8] o.apache.catalina.core.StandardService   : Stopping service [Tomcat]
2022-11-23 08:40:46.030  INFO 12800 --- [restartedMain] com.mycom.project.ProjectApplication     : Starting ProjectApplication using Java 1.8.0_192 on DESKTOP-KVCQHCD with PID 12800 (C:\Users\SSAFY\Desktop\SpringProject\Project\bin\main started by SSAFY in C:\Users\SSAFY\Desktop\SpringProject\Project)
2022-11-23 08:40:46.030  INFO 12800 --- [restartedMain] com.mycom.project.ProjectApplication     : No active profile set, falling back to 1 default profile: "default"
2022-11-23 08:40:46.218  INFO 12800 --- [restartedMain] o.s.b.w.embedded.tomcat.TomcatWebServer  : Tomcat initialized with port(s): 8080 (http)
2022-11-23 08:40:46.218  INFO 12800 --- [restartedMain] o.apache.catalina.core.StandardService   : Starting service [Tomcat]
2022-11-23 08:40:46.218  INFO 12800 --- [restartedMain] org.apache.catalina.core.StandardEngine  : Starting Servlet engine: [Apache Tomcat/9.0.68]
2022-11-23 08:40:46.234  INFO 12800 --- [restartedMain] o.a.c.c.C.[Tomcat-1].[localhost].[/]     : Initializing Spring embedded WebApplicationContext
2022-11-23 08:40:46.234  INFO 12800 --- [restartedMain] w.s.c.ServletWebServerApplicationContext : Root WebApplicationContext: initialization completed in 203 ms
2022-11-23 08:40:46.302  INFO 12800 --- [restartedMain] o.s.b.a.w.s.WelcomePageHandlerMapping    : Adding welcome page: class path resource [static/index.html]
2022-11-23 08:40:46.338  INFO 12800 --- [restartedMain] o.s.b.d.a.OptionalLiveReloadServer       : LiveReload server is running on port 35729
2022-11-23 08:40:46.345  INFO 12800 --- [restartedMain] o.s.b.w.embedded.tomcat.TomcatWebServer  : Tomcat started on port(s): 8080 (http) with context path ''
2022-11-23 08:40:46.348  INFO 12800 --- [restartedMain] com.mycom.project.ProjectApplication     : Started ProjectApplication in 0.335 seconds (JVM running for 159.017)
2022-11-23 08:40:46.348  INFO 12800 --- [restartedMain] .ConditionEvaluationDeltaLoggingListener : Condition evaluation unchanged
2022-11-23 08:40:57.588  INFO 12800 --- [http-nio-8080-exec-1] o.a.c.c.C.[Tomcat-1].[localhost].[/]     : Initializing Spring DispatcherServlet 'dispatcherServlet'
2022-11-23 08:40:57.590  INFO 12800 --- [http-nio-8080-exec-1] o.s.web.servlet.DispatcherServlet        : Initializing Servlet 'dispatcherServlet'
2022-11-23 08:40:57.590  INFO 12800 --- [http-nio-8080-exec-1] o.s.web.servlet.DispatcherServlet        : Completed initialization in 0 ms
2022-11-23 08:40:57.594  INFO 12800 --- [http-nio-8080-exec-1] com.zaxxer.hikari.HikariDataSource       : HikariPool-2 - Starting...
2022-11-23 08:40:57.604  INFO 12800 --- [http-nio-8080-exec-1] com.zaxxer.hikari.HikariDataSource       : HikariPool-2 - Start completed.
2022-11-23 08:48:53.491  INFO 12800 --- [File Watcher] rtingClassPathChangeChangedEventListener : Restarting due to 1 class path change (0 additions, 0 deletions, 1 modification)
2022-11-23 08:48:53.569  INFO 12800 --- [Thread-15] o.apache.catalina.core.StandardService   : Stopping service [Tomcat]
2022-11-23 08:48:53.569  INFO 12800 --- [Thread-15] o.a.c.c.C.[Tomcat-1].[localhost].[/]     : Destroying Spring FrameworkServlet 'dispatcherServlet'
2022-11-23 08:48:53.571  WARN 12800 --- [Thread-15] o.a.c.loader.WebappClassLoaderBase       : The web application [ROOT] appears to have started a thread named [HikariPool-2 housekeeper] but has failed to stop it. This is very likely to create a memory leak. Stack trace of thread:
 sun.misc.Unsafe.park(Native Method)
 java.util.concurrent.locks.LockSupport.parkNanos(LockSupport.java:215)
 java.util.concurrent.locks.AbstractQueuedSynchronizer$ConditionObject.awaitNanos(AbstractQueuedSynchronizer.java:2078)
 java.util.concurrent.ScheduledThreadPoolExecutor$DelayedWorkQueue.take(ScheduledThreadPoolExecutor.java:1093)
 java.util.concurrent.ScheduledThreadPoolExecutor$DelayedWorkQueue.take(ScheduledThreadPoolExecutor.java:809)
 java.util.concurrent.ThreadPoolExecutor.getTask(ThreadPoolExecutor.java:1074)
 java.util.concurrent.ThreadPoolExecutor.runWorker(ThreadPoolExecutor.java:1134)
 java.util.concurrent.ThreadPoolExecutor$Worker.run(ThreadPoolExecutor.java:624)
 java.lang.Thread.run(Thread.java:748)
2022-11-23 08:48:53.575  INFO 12800 --- [Thread-15] com.zaxxer.hikari.HikariDataSource       : HikariPool-2 - Shutdown initiated...
2022-11-23 08:48:53.580  INFO 12800 --- [Thread-15] com.zaxxer.hikari.HikariDataSource       : HikariPool-2 - Shutdown completed.
2022-11-23 08:48:53.698  INFO 12800 --- [restartedMain] com.mycom.project.ProjectApplication     : Starting ProjectApplication using Java 1.8.0_192 on DESKTOP-KVCQHCD with PID 12800 (C:\Users\SSAFY\Desktop\SpringProject\Project\bin\main started by SSAFY in C:\Users\SSAFY\Desktop\SpringProject\Project)
2022-11-23 08:48:53.699  INFO 12800 --- [restartedMain] com.mycom.project.ProjectApplication     : No active profile set, falling back to 1 default profile: "default"
2022-11-23 08:48:53.883  INFO 12800 --- [restartedMain] o.s.b.w.embedded.tomcat.TomcatWebServer  : Tomcat initialized with port(s): 8080 (http)
2022-11-23 08:48:53.883  INFO 12800 --- [restartedMain] o.apache.catalina.core.StandardService   : Starting service [Tomcat]
2022-11-23 08:48:53.883  INFO 12800 --- [restartedMain] org.apache.catalina.core.StandardEngine  : Starting Servlet engine: [Apache Tomcat/9.0.68]
2022-11-23 08:48:53.891  INFO 12800 --- [restartedMain] o.a.c.c.C.[Tomcat-1].[localhost].[/]     : Initializing Spring embedded WebApplicationContext
2022-11-23 08:48:53.891  INFO 12800 --- [restartedMain] w.s.c.ServletWebServerApplicationContext : Root WebApplicationContext: initialization completed in 191 ms
2022-11-23 08:48:53.953  INFO 12800 --- [restartedMain] o.s.b.a.w.s.WelcomePageHandlerMapping    : Adding welcome page: class path resource [static/index.html]
2022-11-23 08:48:53.986  INFO 12800 --- [restartedMain] o.s.b.d.a.OptionalLiveReloadServer       : LiveReload server is running on port 35729
2022-11-23 08:48:53.993  INFO 12800 --- [restartedMain] o.s.b.w.embedded.tomcat.TomcatWebServer  : Tomcat started on port(s): 8080 (http) with context path ''
2022-11-23 08:48:53.996  INFO 12800 --- [restartedMain] com.mycom.project.ProjectApplication     : Started ProjectApplication in 0.314 seconds (JVM running for 646.657)
2022-11-23 08:48:53.997  INFO 12800 --- [restartedMain] .ConditionEvaluationDeltaLoggingListener : Condition evaluation unchanged
2022-11-23 08:51:29.709  INFO 12800 --- [http-nio-8080-exec-1] o.a.c.c.C.[Tomcat-1].[localhost].[/]     : Initializing Spring DispatcherServlet 'dispatcherServlet'
2022-11-23 08:51:29.710  INFO 12800 --- [http-nio-8080-exec-1] o.s.web.servlet.DispatcherServlet        : Initializing Servlet 'dispatcherServlet'
2022-11-23 08:51:29.711  INFO 12800 --- [http-nio-8080-exec-1] o.s.web.servlet.DispatcherServlet        : Completed initialization in 0 ms
2022-11-23 08:51:29.713  INFO 12800 --- [http-nio-8080-exec-1] com.zaxxer.hikari.HikariDataSource       : HikariPool-3 - Starting...
2022-11-23 08:51:30.728 ERROR 12800 --- [http-nio-8080-exec-1] com.zaxxer.hikari.pool.HikariPool        : HikariPool-3 - Exception during pool initialization.

java.sql.SQLException: Access denied for user 'root'@'localhost' (using password: YES)
	at com.mysql.cj.jdbc.exceptions.SQLError.createSQLException(SQLError.java:129) ~[mysql-connector-j-8.0.31.jar:8.0.31]
	at com.mysql.cj.jdbc.exceptions.SQLExceptionsMapping.translateException(SQLExceptionsMapping.java:122) ~[mysql-connector-j-8.0.31.jar:8.0.31]
	at com.mysql.cj.jdbc.ConnectionImpl.createNewIO(ConnectionImpl.java:828) ~[mysql-connector-j-8.0.31.jar:8.0.31]
	at com.mysql.cj.jdbc.ConnectionImpl.<init>(ConnectionImpl.java:448) ~[mysql-connector-j-8.0.31.jar:8.0.31]
	at com.mysql.cj.jdbc.ConnectionImpl.getInstance(ConnectionImpl.java:241) ~[mysql-connector-j-8.0.31.jar:8.0.31]
	at com.mysql.cj.jdbc.NonRegisteringDriver.connect(NonRegisteringDriver.java:198) ~[mysql-connector-j-8.0.31.jar:8.0.31]
	at com.zaxxer.hikari.util.DriverDataSource.getConnection(DriverDataSource.java:138) ~[HikariCP-4.0.3.jar:na]
	at com.zaxxer.hikari.pool.PoolBase.newConnection(PoolBase.java:364) ~[HikariCP-4.0.3.jar:na]
	at com.zaxxer.hikari.pool.PoolBase.newPoolEntry(PoolBase.java:206) ~[HikariCP-4.0.3.jar:na]
	at com.zaxxer.hikari.pool.HikariPool.createPoolEntry(HikariPool.java:476) [HikariCP-4.0.3.jar:na]
	at com.zaxxer.hikari.pool.HikariPool.checkFailFast(HikariPool.java:561) [HikariCP-4.0.3.jar:na]
	at com.zaxxer.hikari.pool.HikariPool.<init>(HikariPool.java:115) [HikariCP-4.0.3.jar:na]
	at com.zaxxer.hikari.HikariDataSource.getConnection(HikariDataSource.java:112) [HikariCP-4.0.3.jar:na]
	at org.springframework.jdbc.datasource.DataSourceUtils.fetchConnection(DataSourceUtils.java:159) [spring-jdbc-5.3.23.jar:5.3.23]
	at org.springframework.jdbc.datasource.DataSourceUtils.doGetConnection(DataSourceUtils.java:117) [spring-jdbc-5.3.23.jar:5.3.23]
	at org.springframework.jdbc.datasource.DataSourceUtils.getConnection(DataSourceUtils.java:80) [spring-jdbc-5.3.23.jar:5.3.23]
	at org.mybatis.spring.transaction.SpringManagedTransaction.openConnection(SpringManagedTransaction.java:80) [mybatis-spring-2.0.7.jar:2.0.7]
	at org.mybatis.spring.transaction.SpringManagedTransaction.getConnection(SpringManagedTransaction.java:67) [mybatis-spring-2.0.7.jar:2.0.7]
	at org.apache.ibatis.executor.BaseExecutor.getConnection(BaseExecutor.java:337) [mybatis-3.5.9.jar:3.5.9]
	at org.apache.ibatis.executor.SimpleExecutor.prepareStatement(SimpleExecutor.java:86) [mybatis-3.5.9.jar:3.5.9]
	at org.apache.ibatis.executor.SimpleExecutor.doQuery(SimpleExecutor.java:62) [mybatis-3.5.9.jar:3.5.9]
	at org.apache.ibatis.executor.BaseExecutor.queryFromDatabase(BaseExecutor.java:325) [mybatis-3.5.9.jar:3.5.9]
	at org.apache.ibatis.executor.BaseExecutor.query(BaseExecutor.java:156) [mybatis-3.5.9.jar:3.5.9]
	at org.apache.ibatis.executor.CachingExecutor.query(CachingExecutor.java:109) [mybatis-3.5.9.jar:3.5.9]
	at org.apache.ibatis.executor.CachingExecutor.query(CachingExecutor.java:89) [mybatis-3.5.9.jar:3.5.9]
	at org.apache.ibatis.session.defaults.DefaultSqlSession.selectList(DefaultSqlSession.java:151) [mybatis-3.5.9.jar:3.5.9]
	at org.apache.ibatis.session.defaults.DefaultSqlSession.selectList(DefaultSqlSession.java:145) [mybatis-3.5.9.jar:3.5.9]
	at org.apache.ibatis.session.defaults.DefaultSqlSession.selectList(DefaultSqlSession.java:140) [mybatis-3.5.9.jar:3.5.9]
	at sun.reflect.NativeMethodAccessorImpl.invoke0(Native Method) ~[na:1.8.0_192]
	at sun.reflect.NativeMethodAccessorImpl.invoke(NativeMethodAccessorImpl.java:62) ~[na:1.8.0_192]
	at sun.reflect.DelegatingMethodAccessorImpl.invoke(DelegatingMethodAccessorImpl.java:43) ~[na:1.8.0_192]
	at java.lang.reflect.Method.invoke(Method.java:498) ~[na:1.8.0_192]
	at org.mybatis.spring.SqlSessionTemplate$SqlSessionInterceptor.invoke(SqlSessionTemplate.java:427) [mybatis-spring-2.0.7.jar:2.0.7]
	at com.sun.proxy.$Proxy64.selectList(Unknown Source) [na:na]
	at org.mybatis.spring.SqlSessionTemplate.selectList(SqlSessionTemplate.java:224) [mybatis-spring-2.0.7.jar:2.0.7]
	at org.apache.ibatis.binding.MapperMethod.executeForMany(MapperMethod.java:147) [mybatis-3.5.9.jar:3.5.9]
	at org.apache.ibatis.binding.MapperMethod.execute(MapperMethod.java:80) [mybatis-3.5.9.jar:3.5.9]
	at org.apache.ibatis.binding.MapperProxy$PlainMethodInvoker.invoke(MapperProxy.java:145) [mybatis-3.5.9.jar:3.5.9]
	at org.apache.ibatis.binding.MapperProxy.invoke(MapperProxy.java:86) [mybatis-3.5.9.jar:3.5.9]
	at com.sun.proxy.$Proxy101.sidoList(Unknown Source) [na:na]
	at com.mycom.project.apt.service.AptServiceImpl.sidoList(AptServiceImpl.java:143) [main/:na]
	at com.mycom.project.apt.controller.AptController.sidoList(AptController.java:72) [main/:na]
	at sun.reflect.NativeMethodAccessorImpl.invoke0(Native Method) ~[na:1.8.0_192]
	at sun.reflect.NativeMethodAccessorImpl.invoke(NativeMethodAccessorImpl.java:62) ~[na:1.8.0_192]
	at sun.reflect.DelegatingMethodAccessorImpl.invoke(DelegatingMethodAccessorImpl.java:43) ~[na:1.8.0_192]
	at java.lang.reflect.Method.invoke(Method.java:498) ~[na:1.8.0_192]
	at org.springframework.web.method.support.InvocableHandlerMethod.doInvoke(InvocableHandlerMethod.java:205) [spring-web-5.3.23.jar:5.3.23]
	at org.springframework.web.method.support.InvocableHandlerMethod.invokeForRequest(InvocableHandlerMethod.java:150) [spring-web-5.3.23.jar:5.3.23]
	at org.springframework.web.servlet.mvc.method.annotation.ServletInvocableHandlerMethod.invokeAndHandle(ServletInvocableHandlerMethod.java:117) [spring-webmvc-5.3.23.jar:5.3.23]
	at org.springframework.web.servlet.mvc.method.annotation.RequestMappingHandlerAdapter.invokeHandlerMethod(RequestMappingHandlerAdapter.java:895) [spring-webmvc-5.3.23.jar:5.3.23]
	at org.springframework.web.servlet.mvc.method.annotation.RequestMappingHandlerAdapter.handleInternal(RequestMappingHandlerAdapter.java:808) [spring-webmvc-5.3.23.jar:5.3.23]
	at org.springframework.web.servlet.mvc.method.AbstractHandlerMethodAdapter.handle(AbstractHandlerMethodAdapter.java:87) [spring-webmvc-5.3.23.jar:5.3.23]
	at org.springframework.web.servlet.DispatcherServlet.doDispatch(DispatcherServlet.java:1071) [spring-webmvc-5.3.23.jar:5.3.23]
	at org.springframework.web.servlet.DispatcherServlet.doService(DispatcherServlet.java:964) [spring-webmvc-5.3.23.jar:5.3.23]
	at org.springframework.web.servlet.FrameworkServlet.processRequest(FrameworkServlet.java:1006) [spring-webmvc-5.3.23.jar:5.3.23]
	at org.springframework.web.servlet.FrameworkServlet.doGet(FrameworkServlet.java:898) [spring-webmvc-5.3.23.jar:5.3.23]
	at javax.servlet.http.HttpServlet.service(HttpServlet.java:670) [tomcat-embed-core-9.0.68.jar:4.0.FR]
	at org.springframework.web.servlet.FrameworkServlet.service(FrameworkServlet.java:883) [spring-webmvc-5.3.23.jar:5.3.23]
	at javax.servlet.http.HttpServlet.service(HttpServlet.java:779) [tomcat-embed-core-9.0.68.jar:4.0.FR]
	at org.apache.catalina.core.ApplicationFilterChain.internalDoFilter(ApplicationFilterChain.java:227) [tomcat-embed-core-9.0.68.jar:9.0.68]
	at org.apache.catalina.core.ApplicationFilterChain.doFilter(ApplicationFilterChain.java:162) [tomcat-embed-core-9.0.68.jar:9.0.68]
	at org.apache.tomcat.websocket.server.WsFilter.doFilter(WsFilter.java:53) [tomcat-embed-websocket-9.0.68.jar:9.0.68]
	at org.apache.catalina.core.ApplicationFilterChain.internalDoFilter(ApplicationFilterChain.java:189) [tomcat-embed-core-9.0.68.jar:9.0.68]
	at org.apache.catalina.core.ApplicationFilterChain.doFilter(ApplicationFilterChain.java:162) [tomcat-embed-core-9.0.68.jar:9.0.68]
	at org.springframework.web.filter.RequestContextFilter.doFilterInternal(RequestContextFilter.java:100) [spring-web-5.3.23.jar:5.3.23]
	at org.springframework.web.filter.OncePerRequestFilter.doFilter(OncePerRequestFilter.java:117) [spring-web-5.3.23.jar:5.3.23]
	at org.apache.catalina.core.ApplicationFilterChain.internalDoFilter(ApplicationFilterChain.java:189) [tomcat-embed-core-9.0.68.jar:9.0.68]
	at org.apache.catalina.core.ApplicationFilterChain.doFilter(ApplicationFilterChain.java:162) [tomcat-embed-core-9.0.68.jar:9.0.68]
	at org.springframework.web.filter.FormContentFilter.doFilterInternal(FormContentFilter.java:93) [spring-web-5.3.23.jar:5.3.23]
	at org.springframework.web.filter.OncePerRequestFilter.doFilter(OncePerRequestFilter.java:117) [spring-web-5.3.23.jar:5.3.23]
	at org.apache.catalina.core.ApplicationFilterChain.internalDoFilter(ApplicationFilterChain.java:189) [tomcat-embed-core-9.0.68.jar:9.0.68]
	at org.apache.catalina.core.ApplicationFilterChain.doFilter(ApplicationFilterChain.java:162) [tomcat-embed-core-9.0.68.jar:9.0.68]
	at org.springframework.web.filter.CharacterEncodingFilter.doFilterInternal(CharacterEncodingFilter.java:201) [spring-web-5.3.23.jar:5.3.23]
	at org.springframework.web.filter.OncePerRequestFilter.doFilter(OncePerRequestFilter.java:117) [spring-web-5.3.23.jar:5.3.23]
	at org.apache.catalina.core.ApplicationFilterChain.internalDoFilter(ApplicationFilterChain.java:189) [tomcat-embed-core-9.0.68.jar:9.0.68]
	at org.apache.catalina.core.ApplicationFilterChain.doFilter(ApplicationFilterChain.java:162) [tomcat-embed-core-9.0.68.jar:9.0.68]
	at org.apache.catalina.core.StandardWrapperValve.invoke(StandardWrapperValve.java:197) [tomcat-embed-core-9.0.68.jar:9.0.68]
	at org.apache.catalina.core.StandardContextValve.invoke(StandardContextValve.java:97) [tomcat-embed-core-9.0.68.jar:9.0.68]
	at org.apache.catalina.authenticator.AuthenticatorBase.invoke(AuthenticatorBase.java:541) [tomcat-embed-core-9.0.68.jar:9.0.68]
	at org.apache.catalina.core.StandardHostValve.invoke(StandardHostValve.java:135) [tomcat-embed-core-9.0.68.jar:9.0.68]
	at org.apache.catalina.valves.ErrorReportValve.invoke(ErrorReportValve.java:92) [tomcat-embed-core-9.0.68.jar:9.0.68]
	at org.apache.catalina.core.StandardEngineValve.invoke(StandardEngineValve.java:78) [tomcat-embed-core-9.0.68.jar:9.0.68]
	at org.apache.catalina.connector.CoyoteAdapter.service(CoyoteAdapter.java:360) [tomcat-embed-core-9.0.68.jar:9.0.68]
	at org.apache.coyote.http11.Http11Processor.service(Http11Processor.java:399) [tomcat-embed-core-9.0.68.jar:9.0.68]
	at org.apache.coyote.AbstractProcessorLight.process(AbstractProcessorLight.java:65) [tomcat-embed-core-9.0.68.jar:9.0.68]
	at org.apache.coyote.AbstractProtocol$ConnectionHandler.process(AbstractProtocol.java:893) [tomcat-embed-core-9.0.68.jar:9.0.68]
	at org.apache.tomcat.util.net.NioEndpoint$SocketProcessor.doRun(NioEndpoint.java:1789) [tomcat-embed-core-9.0.68.jar:9.0.68]
	at org.apache.tomcat.util.net.SocketProcessorBase.run(SocketProcessorBase.java:49) [tomcat-embed-core-9.0.68.jar:9.0.68]
	at org.apache.tomcat.util.threads.ThreadPoolExecutor.runWorker(ThreadPoolExecutor.java:1191) [tomcat-embed-core-9.0.68.jar:9.0.68]
	at org.apache.tomcat.util.threads.ThreadPoolExecutor$Worker.run(ThreadPoolExecutor.java:659) [tomcat-embed-core-9.0.68.jar:9.0.68]
	at org.apache.tomcat.util.threads.TaskThread$WrappingRunnable.run(TaskThread.java:61) [tomcat-embed-core-9.0.68.jar:9.0.68]
	at java.lang.Thread.run(Thread.java:748) [na:1.8.0_192]

2022-11-23 08:51:54.124  INFO 12800 --- [File Watcher] rtingClassPathChangeChangedEventListener : Restarting due to 42 class path changes (0 additions, 0 deletions, 42 modifications)
2022-11-23 08:51:54.216  INFO 12800 --- [Thread-19] o.apache.catalina.core.StandardService   : Stopping service [Tomcat]
2022-11-23 08:51:54.216  INFO 12800 --- [Thread-19] o.a.c.c.C.[Tomcat-1].[localhost].[/]     : Destroying Spring FrameworkServlet 'dispatcherServlet'
2022-11-23 08:51:54.304  INFO 12800 --- [restartedMain] com.mycom.project.ProjectApplication     : Starting ProjectApplication using Java 1.8.0_192 on DESKTOP-KVCQHCD with PID 12800 (C:\Users\SSAFY\Desktop\SpringProject\Project\bin\main started by SSAFY in C:\Users\SSAFY\Desktop\SpringProject\Project)
2022-11-23 08:51:54.304  INFO 12800 --- [restartedMain] com.mycom.project.ProjectApplication     : No active profile set, falling back to 1 default profile: "default"
2022-11-23 08:51:54.481  INFO 12800 --- [restartedMain] o.s.b.w.embedded.tomcat.TomcatWebServer  : Tomcat initialized with port(s): 8080 (http)
2022-11-23 08:51:54.481  INFO 12800 --- [restartedMain] o.apache.catalina.core.StandardService   : Starting service [Tomcat]
2022-11-23 08:51:54.481  INFO 12800 --- [restartedMain] org.apache.catalina.core.StandardEngine  : Starting Servlet engine: [Apache Tomcat/9.0.68]
2022-11-23 08:51:54.489  INFO 12800 --- [restartedMain] o.a.c.c.C.[Tomcat-1].[localhost].[/]     : Initializing Spring embedded WebApplicationContext
2022-11-23 08:51:54.489  INFO 12800 --- [restartedMain] w.s.c.ServletWebServerApplicationContext : Root WebApplicationContext: initialization completed in 184 ms
2022-11-23 08:51:54.548  INFO 12800 --- [restartedMain] o.s.b.a.w.s.WelcomePageHandlerMapping    : Adding welcome page: class path resource [static/index.html]
2022-11-23 08:51:54.580  INFO 12800 --- [restartedMain] o.s.b.d.a.OptionalLiveReloadServer       : LiveReload server is running on port 35729
2022-11-23 08:51:54.586  INFO 12800 --- [restartedMain] o.s.b.w.embedded.tomcat.TomcatWebServer  : Tomcat started on port(s): 8080 (http) with context path ''
2022-11-23 08:51:54.589  INFO 12800 --- [restartedMain] com.mycom.project.ProjectApplication     : Started ProjectApplication in 0.301 seconds (JVM running for 827.24)
2022-11-23 08:51:54.591  INFO 12800 --- [restartedMain] .ConditionEvaluationDeltaLoggingListener : Condition evaluation unchanged
2022-11-23 08:52:20.376  INFO 12800 --- [RMI TCP Connection(2)-127.0.0.1] inMXBeanRegistrar$SpringApplicationAdmin : Application shutdown requested.
2022-11-23 08:52:20.449  INFO 12800 --- [RMI TCP Connection(2)-127.0.0.1] o.apache.catalina.core.StandardService   : Stopping service [Tomcat]
2022-11-23 08:58:19.212  INFO 2436 --- [restartedMain] com.mycom.project.ProjectApplication     : Starting ProjectApplication using Java 1.8.0_192 on DESKTOP-KVCQHCD with PID 2436 (C:\Users\SSAFY\Desktop\SpringProject\Project\bin\main started by SSAFY in C:\Users\SSAFY\Desktop\SpringProject\Project)
2022-11-23 08:58:19.213  INFO 2436 --- [restartedMain] com.mycom.project.ProjectApplication     : No active profile set, falling back to 1 default profile: "default"
2022-11-23 08:58:19.239  INFO 2436 --- [restartedMain] .e.DevToolsPropertyDefaultsPostProcessor : Devtools property defaults active! Set 'spring.devtools.add-properties' to 'false' to disable
2022-11-23 08:58:19.239  INFO 2436 --- [restartedMain] .e.DevToolsPropertyDefaultsPostProcessor : For additional web related logging consider setting the 'logging.level.web' property to 'DEBUG'
2022-11-23 08:58:19.890  INFO 2436 --- [restartedMain] o.s.b.w.embedded.tomcat.TomcatWebServer  : Tomcat initialized with port(s): 8080 (http)
2022-11-23 08:58:19.895  INFO 2436 --- [restartedMain] o.apache.catalina.core.StandardService   : Starting service [Tomcat]
2022-11-23 08:58:19.895  INFO 2436 --- [restartedMain] org.apache.catalina.core.StandardEngine  : Starting Servlet engine: [Apache Tomcat/9.0.68]
2022-11-23 08:58:19.941  INFO 2436 --- [restartedMain] o.a.c.c.C.[Tomcat].[localhost].[/]       : Initializing Spring embedded WebApplicationContext
2022-11-23 08:58:19.941  INFO 2436 --- [restartedMain] w.s.c.ServletWebServerApplicationContext : Root WebApplicationContext: initialization completed in 702 ms
2022-11-23 08:58:20.229  INFO 2436 --- [restartedMain] o.s.b.a.w.s.WelcomePageHandlerMapping    : Adding welcome page: class path resource [static/index.html]
2022-11-23 08:58:20.429  INFO 2436 --- [restartedMain] o.s.b.d.a.OptionalLiveReloadServer       : LiveReload server is running on port 35729
2022-11-23 08:58:20.450  INFO 2436 --- [restartedMain] o.s.b.w.embedded.tomcat.TomcatWebServer  : Tomcat started on port(s): 8080 (http) with context path ''
2022-11-23 08:58:20.456  INFO 2436 --- [restartedMain] com.mycom.project.ProjectApplication     : Started ProjectApplication in 1.471 seconds (JVM running for 1.93)
2022-11-23 08:59:57.384  INFO 2436 --- [http-nio-8080-exec-1] o.a.c.c.C.[Tomcat].[localhost].[/]       : Initializing Spring DispatcherServlet 'dispatcherServlet'
2022-11-23 08:59:57.384  INFO 2436 --- [http-nio-8080-exec-1] o.s.web.servlet.DispatcherServlet        : Initializing Servlet 'dispatcherServlet'
2022-11-23 08:59:57.385  INFO 2436 --- [http-nio-8080-exec-1] o.s.web.servlet.DispatcherServlet        : Completed initialization in 1 ms
2022-11-23 08:59:57.426  INFO 2436 --- [http-nio-8080-exec-2] com.zaxxer.hikari.HikariDataSource       : HikariPool-1 - Starting...
2022-11-23 08:59:57.560  INFO 2436 --- [http-nio-8080-exec-2] com.zaxxer.hikari.HikariDataSource       : HikariPool-1 - Start completed.
2022-11-23 09:47:39.945 ERROR 2436 --- [http-nio-8080-exec-7] c.m.p.login.service.JwtServiceImpl       : JWT expired at 2022-11-23T09:33:00Z. Current time: 2022-11-23T09:47:39Z, a difference of 879944 milliseconds.  Allowed clock skew: 0 milliseconds.
2022-11-23 09:58:21.172 ERROR 2436 --- [http-nio-8080-exec-9] c.m.p.login.service.JwtServiceImpl       : JWT expired at 2022-11-23T09:33:00Z. Current time: 2022-11-23T09:58:21Z, a difference of 1521172 milliseconds.  Allowed clock skew: 0 milliseconds.
2022-11-23 10:32:44.163  WARN 2436 --- [http-nio-8080-exec-2] .m.m.a.ExceptionHandlerExceptionResolver : Resolved [org.springframework.dao.DataIntegrityViolationException: <EOL><EOL>### Error updating database.  Cause: java.sql.SQLIntegrityConstraintViolationException: Cannot delete or update a parent row: a foreign key constraint fails (`my_house`.`board_user_read`, CONSTRAINT `BOARD_USER_READ_FK_02` FOREIGN KEY (`user_seq`) REFERENCES `users` (`USER_SEQ`))<EOL><EOL>### The error may exist in mapper/user_query.xml<EOL><EOL>### The error may involve com.mycom.project.user.dao.UserDao.userWithdraw-Inline<EOL><EOL>### The error occurred while setting parameters<EOL><EOL>### SQL: delete from users       where user_seq = ?<EOL><EOL>### Cause: java.sql.SQLIntegrityConstraintViolationException: Cannot delete or update a parent row: a foreign key constraint fails (`my_house`.`board_user_read`, CONSTRAINT `BOARD_USER_READ_FK_02` FOREIGN KEY (`user_seq`) REFERENCES `users` (`USER_SEQ`))<EOL>; Cannot delete or update a parent row: a foreign key constraint fails (`my_house`.`board_user_read`, CONSTRAINT `BOARD_USER_READ_FK_02` FOREIGN KEY (`user_seq`) REFERENCES `users` (`USER_SEQ`)); nested exception is java.sql.SQLIntegrityConstraintViolationException: Cannot delete or update a parent row: a foreign key constraint fails (`my_house`.`board_user_read`, CONSTRAINT `BOARD_USER_READ_FK_02` FOREIGN KEY (`user_seq`) REFERENCES `users` (`USER_SEQ`))]
2022-11-23 11:27:24.906 ERROR 2436 --- [http-nio-8080-exec-10] c.m.p.login.service.JwtServiceImpl       : JWT expired at 2022-11-23T11:25:53Z. Current time: 2022-11-23T11:27:24Z, a difference of 91906 milliseconds.  Allowed clock skew: 0 milliseconds.
2022-11-23 11:29:34.514 ERROR 2436 --- [http-nio-8080-exec-6] c.m.p.login.service.JwtServiceImpl       : JWT expired at 2022-11-23T11:25:53Z. Current time: 2022-11-23T11:29:34Z, a difference of 221514 milliseconds.  Allowed clock skew: 0 milliseconds.
2022-11-23 13:36:15.155 ERROR 2436 --- [http-nio-8080-exec-8] c.m.p.login.service.JwtServiceImpl       : JWT expired at 2022-11-23T12:34:24Z. Current time: 2022-11-23T13:36:15Z, a difference of 3711154 milliseconds.  Allowed clock skew: 0 milliseconds.
2022-11-23 14:10:54.381  WARN 2436 --- [http-nio-8080-exec-4] .m.m.a.ExceptionHandlerExceptionResolver : Resolved [org.springframework.dao.DataIntegrityViolationException: <EOL><EOL>### Error updating database.  Cause: java.sql.SQLIntegrityConstraintViolationException: Cannot delete or update a parent row: a foreign key constraint fails (`my_house`.`board_user_read`, CONSTRAINT `BOARD_USER_READ_FK_02` FOREIGN KEY (`user_seq`) REFERENCES `users` (`USER_SEQ`))<EOL><EOL>### The error may exist in mapper/user_query.xml<EOL><EOL>### The error may involve com.mycom.project.user.dao.UserDao.userWithdraw-Inline<EOL><EOL>### The error occurred while setting parameters<EOL><EOL>### SQL: delete from users       where user_seq = ?<EOL><EOL>### Cause: java.sql.SQLIntegrityConstraintViolationException: Cannot delete or update a parent row: a foreign key constraint fails (`my_house`.`board_user_read`, CONSTRAINT `BOARD_USER_READ_FK_02` FOREIGN KEY (`user_seq`) REFERENCES `users` (`USER_SEQ`))<EOL>; Cannot delete or update a parent row: a foreign key constraint fails (`my_house`.`board_user_read`, CONSTRAINT `BOARD_USER_READ_FK_02` FOREIGN KEY (`user_seq`) REFERENCES `users` (`USER_SEQ`)); nested exception is java.sql.SQLIntegrityConstraintViolationException: Cannot delete or update a parent row: a foreign key constraint fails (`my_house`.`board_user_read`, CONSTRAINT `BOARD_USER_READ_FK_02` FOREIGN KEY (`user_seq`) REFERENCES `users` (`USER_SEQ`))]
2022-11-23 16:01:13.245  INFO 2436 --- [File Watcher] rtingClassPathChangeChangedEventListener : Restarting due to 58 class path changes (6 additions, 0 deletions, 52 modifications)
2022-11-23 16:01:13.333  INFO 2436 --- [Thread-6] o.apache.catalina.core.StandardService   : Stopping service [Tomcat]
2022-11-23 16:01:13.336  INFO 2436 --- [Thread-6] o.a.c.c.C.[Tomcat].[localhost].[/]       : Destroying Spring FrameworkServlet 'dispatcherServlet'
2022-11-23 16:01:13.349  WARN 2436 --- [Thread-6] o.a.c.loader.WebappClassLoaderBase       : The web application [ROOT] appears to have started a thread named [HikariPool-1 housekeeper] but has failed to stop it. This is very likely to create a memory leak. Stack trace of thread:
 sun.misc.Unsafe.park(Native Method)
 java.util.concurrent.locks.LockSupport.parkNanos(LockSupport.java:215)
 java.util.concurrent.locks.AbstractQueuedSynchronizer$ConditionObject.awaitNanos(AbstractQueuedSynchronizer.java:2078)
 java.util.concurrent.ScheduledThreadPoolExecutor$DelayedWorkQueue.take(ScheduledThreadPoolExecutor.java:1093)
 java.util.concurrent.ScheduledThreadPoolExecutor$DelayedWorkQueue.take(ScheduledThreadPoolExecutor.java:809)
 java.util.concurrent.ThreadPoolExecutor.getTask(ThreadPoolExecutor.java:1074)
 java.util.concurrent.ThreadPoolExecutor.runWorker(ThreadPoolExecutor.java:1134)
 java.util.concurrent.ThreadPoolExecutor$Worker.run(ThreadPoolExecutor.java:624)
 java.lang.Thread.run(Thread.java:748)
2022-11-23 16:01:13.358  INFO 2436 --- [Thread-6] com.zaxxer.hikari.HikariDataSource       : HikariPool-1 - Shutdown initiated...
2022-11-23 16:01:13.363  INFO 2436 --- [Thread-6] com.zaxxer.hikari.HikariDataSource       : HikariPool-1 - Shutdown completed.
2022-11-23 16:01:13.459  INFO 2436 --- [restartedMain] com.mycom.project.ProjectApplication     : Starting ProjectApplication using Java 1.8.0_192 on DESKTOP-KVCQHCD with PID 2436 (C:\Users\SSAFY\Desktop\SpringProject\Project\bin\main started by SSAFY in C:\Users\SSAFY\Desktop\SpringProject\Project)
2022-11-23 16:01:13.459  INFO 2436 --- [restartedMain] com.mycom.project.ProjectApplication     : No active profile set, falling back to 1 default profile: "default"
2022-11-23 16:01:13.683  INFO 2436 --- [restartedMain] o.s.b.w.embedded.tomcat.TomcatWebServer  : Tomcat initialized with port(s): 8080 (http)
2022-11-23 16:01:13.684  INFO 2436 --- [restartedMain] o.apache.catalina.core.StandardService   : Starting service [Tomcat]
2022-11-23 16:01:13.684  INFO 2436 --- [restartedMain] org.apache.catalina.core.StandardEngine  : Starting Servlet engine: [Apache Tomcat/9.0.68]
2022-11-23 16:01:13.692  INFO 2436 --- [restartedMain] o.a.c.c.C.[Tomcat].[localhost].[/]       : Initializing Spring embedded WebApplicationContext
2022-11-23 16:01:13.692  INFO 2436 --- [restartedMain] w.s.c.ServletWebServerApplicationContext : Root WebApplicationContext: initialization completed in 231 ms
2022-11-23 16:01:13.788  INFO 2436 --- [restartedMain] o.s.b.a.w.s.WelcomePageHandlerMapping    : Adding welcome page: class path resource [static/index.html]
2022-11-23 16:01:13.836  INFO 2436 --- [restartedMain] o.s.b.d.a.OptionalLiveReloadServer       : LiveReload server is running on port 35729
2022-11-23 16:01:13.843  INFO 2436 --- [restartedMain] o.s.b.w.embedded.tomcat.TomcatWebServer  : Tomcat started on port(s): 8080 (http) with context path ''
2022-11-23 16:01:13.846  INFO 2436 --- [restartedMain] com.mycom.project.ProjectApplication     : Started ProjectApplication in 0.409 seconds (JVM running for 25375.159)
2022-11-23 16:01:13.847  INFO 2436 --- [restartedMain] .ConditionEvaluationDeltaLoggingListener : Condition evaluation unchanged
2022-11-23 16:01:29.188  INFO 2436 --- [File Watcher] rtingClassPathChangeChangedEventListener : Restarting due to 100 class path changes (1 addition, 0 deletions, 99 modifications)
2022-11-23 16:01:29.256  INFO 2436 --- [Thread-8] o.apache.catalina.core.StandardService   : Stopping service [Tomcat]
2022-11-23 16:01:29.359  INFO 2436 --- [restartedMain] com.mycom.project.ProjectApplication     : Starting ProjectApplication using Java 1.8.0_192 on DESKTOP-KVCQHCD with PID 2436 (C:\Users\SSAFY\Desktop\SpringProject\Project\bin\main started by SSAFY in C:\Users\SSAFY\Desktop\SpringProject\Project)
2022-11-23 16:01:29.359  INFO 2436 --- [restartedMain] com.mycom.project.ProjectApplication     : No active profile set, falling back to 1 default profile: "default"
2022-11-23 16:01:29.531  INFO 2436 --- [restartedMain] o.s.b.w.embedded.tomcat.TomcatWebServer  : Tomcat initialized with port(s): 8080 (http)
2022-11-23 16:01:29.532  INFO 2436 --- [restartedMain] o.apache.catalina.core.StandardService   : Starting service [Tomcat]
2022-11-23 16:01:29.532  INFO 2436 --- [restartedMain] org.apache.catalina.core.StandardEngine  : Starting Servlet engine: [Apache Tomcat/9.0.68]
2022-11-23 16:01:29.542  INFO 2436 --- [restartedMain] o.a.c.c.C.[Tomcat].[localhost].[/]       : Initializing Spring embedded WebApplicationContext
2022-11-23 16:01:29.542  INFO 2436 --- [restartedMain] w.s.c.ServletWebServerApplicationContext : Root WebApplicationContext: initialization completed in 181 ms
2022-11-23 16:01:29.619  INFO 2436 --- [restartedMain] o.s.b.a.w.s.WelcomePageHandlerMapping    : Adding welcome page: class path resource [static/index.html]
2022-11-23 16:01:29.659  INFO 2436 --- [restartedMain] o.s.b.d.a.OptionalLiveReloadServer       : LiveReload server is running on port 35729
2022-11-23 16:01:29.666  INFO 2436 --- [restartedMain] o.s.b.w.embedded.tomcat.TomcatWebServer  : Tomcat started on port(s): 8080 (http) with context path ''
2022-11-23 16:01:29.669  INFO 2436 --- [restartedMain] com.mycom.project.ProjectApplication     : Started ProjectApplication in 0.328 seconds (JVM running for 25390.982)
2022-11-23 16:01:29.669  INFO 2436 --- [restartedMain] .ConditionEvaluationDeltaLoggingListener : Condition evaluation unchanged
2022-11-23 16:01:34.273  INFO 2436 --- [File Watcher] rtingClassPathChangeChangedEventListener : Restarting due to 1 class path change (0 additions, 0 deletions, 1 modification)
2022-11-23 16:01:34.365  INFO 2436 --- [Thread-12] o.apache.catalina.core.StandardService   : Stopping service [Tomcat]
2022-11-23 16:01:34.466  INFO 2436 --- [restartedMain] com.mycom.project.ProjectApplication     : Starting ProjectApplication using Java 1.8.0_192 on DESKTOP-KVCQHCD with PID 2436 (C:\Users\SSAFY\Desktop\SpringProject\Project\bin\main started by SSAFY in C:\Users\SSAFY\Desktop\SpringProject\Project)
2022-11-23 16:01:34.466  INFO 2436 --- [restartedMain] com.mycom.project.ProjectApplication     : No active profile set, falling back to 1 default profile: "default"
2022-11-23 16:01:34.629  INFO 2436 --- [restartedMain] o.s.b.w.embedded.tomcat.TomcatWebServer  : Tomcat initialized with port(s): 8080 (http)
2022-11-23 16:01:34.629  INFO 2436 --- [restartedMain] o.apache.catalina.core.StandardService   : Starting service [Tomcat]
2022-11-23 16:01:34.629  INFO 2436 --- [restartedMain] org.apache.catalina.core.StandardEngine  : Starting Servlet engine: [Apache Tomcat/9.0.68]
2022-11-23 16:01:34.637  INFO 2436 --- [restartedMain] o.a.c.c.C.[Tomcat].[localhost].[/]       : Initializing Spring embedded WebApplicationContext
2022-11-23 16:01:34.637  INFO 2436 --- [restartedMain] w.s.c.ServletWebServerApplicationContext : Root WebApplicationContext: initialization completed in 168 ms
2022-11-23 16:01:34.706  INFO 2436 --- [restartedMain] o.s.b.a.w.s.WelcomePageHandlerMapping    : Adding welcome page: class path resource [static/index.html]
2022-11-23 16:01:34.743  INFO 2436 --- [restartedMain] o.s.b.d.a.OptionalLiveReloadServer       : LiveReload server is running on port 35729
2022-11-23 16:01:34.750  INFO 2436 --- [restartedMain] o.s.b.w.embedded.tomcat.TomcatWebServer  : Tomcat started on port(s): 8080 (http) with context path ''
2022-11-23 16:01:34.752  INFO 2436 --- [restartedMain] com.mycom.project.ProjectApplication     : Started ProjectApplication in 0.303 seconds (JVM running for 25396.065)
2022-11-23 16:01:34.752  INFO 2436 --- [restartedMain] .ConditionEvaluationDeltaLoggingListener : Condition evaluation unchanged
2022-11-23 16:04:19.567  INFO 2436 --- [http-nio-8080-exec-1] o.a.c.c.C.[Tomcat].[localhost].[/]       : Initializing Spring DispatcherServlet 'dispatcherServlet'
2022-11-23 16:04:19.568  INFO 2436 --- [http-nio-8080-exec-1] o.s.web.servlet.DispatcherServlet        : Initializing Servlet 'dispatcherServlet'
2022-11-23 16:04:19.569  INFO 2436 --- [http-nio-8080-exec-1] o.s.web.servlet.DispatcherServlet        : Completed initialization in 1 ms
2022-11-23 16:08:17.791  INFO 2436 --- [http-nio-8080-exec-8] com.zaxxer.hikari.HikariDataSource       : HikariPool-2 - Starting...
2022-11-23 16:08:17.800  INFO 2436 --- [http-nio-8080-exec-8] com.zaxxer.hikari.HikariDataSource       : HikariPool-2 - Start completed.
2022-11-23 16:18:56.157  WARN 2436 --- [http-nio-8080-exec-8] .m.m.a.ExceptionHandlerExceptionResolver : Resolved [org.springframework.web.method.annotation.MethodArgumentTypeMismatchException: Failed to convert value of type 'java.lang.String' to required type 'int'; nested exception is java.lang.NumberFormatException: For input string: "undefined"]
2022-11-23 16:19:02.067  WARN 2436 --- [http-nio-8080-exec-9] .m.m.a.ExceptionHandlerExceptionResolver : Resolved [org.springframework.web.method.annotation.MethodArgumentTypeMismatchException: Failed to convert value of type 'java.lang.String' to required type 'int'; nested exception is java.lang.NumberFormatException: For input string: "undefined"]
2022-11-23 16:41:12.610 ERROR 2436 --- [http-nio-8080-exec-9] c.m.p.login.service.JwtServiceImpl       : JWT expired at 2022-11-23T16:40:57Z. Current time: 2022-11-23T16:41:12Z, a difference of 15610 milliseconds.  Allowed clock skew: 0 milliseconds.
2022-11-23 16:41:24.365 ERROR 2436 --- [http-nio-8080-exec-3] c.m.p.login.service.JwtServiceImpl       : JWT expired at 2022-11-23T16:40:57Z. Current time: 2022-11-23T16:41:24Z, a difference of 27365 milliseconds.  Allowed clock skew: 0 milliseconds.
2022-11-23 17:16:47.189 ERROR 2436 --- [http-nio-8080-exec-9] c.m.p.login.service.JwtServiceImpl       : JWT expired at 2022-11-23T17:11:29Z. Current time: 2022-11-23T17:16:47Z, a difference of 318189 milliseconds.  Allowed clock skew: 0 milliseconds.
