2022-11-19 01:43:15.634  INFO 20012 --- [File Watcher] rtingClassPathChangeChangedEventListener : Restarting due to 1 class path change (0 additions, 0 deletions, 1 modification)
2022-11-19 01:43:15.851  INFO 20012 --- [Thread-6] o.apache.catalina.core.StandardService   : Stopping service [Tomcat]
2022-11-19 01:43:16.169  INFO 20012 --- [restartedMain] com.mycom.project.ProjectApplication     : Starting ProjectApplication using Java 1.8.0_321 on DESKTOP-PDFSO0V with PID 20012 (C:\Users\rudgn\Desktop\ssafy\final\HappyHouse\Project\bin\main started by rudgn in C:\Users\rudgn\Desktop\ssafy\final\HappyHouse\Project)
2022-11-19 01:43:16.169  INFO 20012 --- [restartedMain] com.mycom.project.ProjectApplication     : No active profile set, falling back to 1 default profile: "default"
2022-11-19 01:43:16.568  INFO 20012 --- [restartedMain] o.s.b.w.embedded.tomcat.TomcatWebServer  : Tomcat initialized with port(s): 8080 (http)
2022-11-19 01:43:16.569  INFO 20012 --- [restartedMain] o.apache.catalina.core.StandardService   : Starting service [Tomcat]
2022-11-19 01:43:16.569  INFO 20012 --- [restartedMain] org.apache.catalina.core.StandardEngine  : Starting Servlet engine: [Apache Tomcat/9.0.68]
2022-11-19 01:43:16.582  INFO 20012 --- [restartedMain] o.a.c.c.C.[Tomcat].[localhost].[/]       : Initializing Spring embedded WebApplicationContext
2022-11-19 01:43:16.582  INFO 20012 --- [restartedMain] w.s.c.ServletWebServerApplicationContext : Root WebApplicationContext: initialization completed in 410 ms
2022-11-19 01:43:16.717  INFO 20012 --- [restartedMain] o.s.b.a.w.s.WelcomePageHandlerMapping    : Adding welcome page: class path resource [static/index.html]
2022-11-19 01:43:16.806  INFO 20012 --- [restartedMain] o.s.b.d.a.OptionalLiveReloadServer       : LiveReload server is running on port 35729
2022-11-19 01:43:16.822  INFO 20012 --- [restartedMain] o.s.b.w.embedded.tomcat.TomcatWebServer  : Tomcat started on port(s): 8080 (http) with context path ''
2022-11-19 01:43:16.826  INFO 20012 --- [restartedMain] com.mycom.project.ProjectApplication     : Started ProjectApplication in 0.696 seconds (JVM running for 31889.858)
2022-11-19 01:43:16.827  INFO 20012 --- [restartedMain] .ConditionEvaluationDeltaLoggingListener : Condition evaluation unchanged
2022-11-19 01:47:46.533  INFO 20012 --- [http-nio-8080-exec-1] o.a.c.c.C.[Tomcat].[localhost].[/]       : Initializing Spring DispatcherServlet 'dispatcherServlet'
2022-11-19 01:47:46.534  INFO 20012 --- [http-nio-8080-exec-1] o.s.web.servlet.DispatcherServlet        : Initializing Servlet 'dispatcherServlet'
2022-11-19 01:47:46.535  INFO 20012 --- [http-nio-8080-exec-1] o.s.web.servlet.DispatcherServlet        : Completed initialization in 1 ms
2022-11-19 01:47:46.671  INFO 20012 --- [http-nio-8080-exec-2] com.zaxxer.hikari.HikariDataSource       : HikariPool-1 - Starting...
2022-11-19 01:47:47.242  INFO 20012 --- [http-nio-8080-exec-2] com.zaxxer.hikari.HikariDataSource       : HikariPool-1 - Start completed.
2022-11-19 01:47:47.410  WARN 20012 --- [http-nio-8080-exec-2] .m.m.a.ExceptionHandlerExceptionResolver : Resolved [org.springframework.dao.DataIntegrityViolationException: <EOL><EOL>### Error updating database.  Cause: java.sql.SQLIntegrityConstraintViolationException: Column 'USER_NAME' cannot be null<EOL><EOL>### The error may exist in mapper/user_query.xml<EOL><EOL>### The error may involve com.mycom.project.user.dao.UserDao.userRegister-Inline<EOL><EOL>### The error occurred while setting parameters<EOL><EOL>### SQL: insert into users( user_name, user_password, user_email, user_profile_image_url, user_register_date, user_state )       values ( ?, ?, ?, '', now(), ? )<EOL><EOL>### Cause: java.sql.SQLIntegrityConstraintViolationException: Column 'USER_NAME' cannot be null<EOL>; Column 'USER_NAME' cannot be null; nested exception is java.sql.SQLIntegrityConstraintViolationException: Column 'USER_NAME' cannot be null]
2022-11-19 01:49:05.540  INFO 20012 --- [File Watcher] rtingClassPathChangeChangedEventListener : Restarting due to 1 class path change (0 additions, 0 deletions, 1 modification)
2022-11-19 01:49:05.641  INFO 20012 --- [Thread-8] o.apache.catalina.core.StandardService   : Stopping service [Tomcat]
2022-11-19 01:49:05.642  INFO 20012 --- [Thread-8] o.a.c.c.C.[Tomcat].[localhost].[/]       : Destroying Spring FrameworkServlet 'dispatcherServlet'
2022-11-19 01:49:05.645  WARN 20012 --- [Thread-8] o.a.c.loader.WebappClassLoaderBase       : The web application [ROOT] appears to have started a thread named [HikariPool-1 housekeeper] but has failed to stop it. This is very likely to create a memory leak. Stack trace of thread:
 sun.misc.Unsafe.park(Native Method)
 java.util.concurrent.locks.LockSupport.parkNanos(Unknown Source)
 java.util.concurrent.locks.AbstractQueuedSynchronizer$ConditionObject.awaitNanos(Unknown Source)
 java.util.concurrent.ScheduledThreadPoolExecutor$DelayedWorkQueue.take(Unknown Source)
 java.util.concurrent.ScheduledThreadPoolExecutor$DelayedWorkQueue.take(Unknown Source)
 java.util.concurrent.ThreadPoolExecutor.getTask(Unknown Source)
 java.util.concurrent.ThreadPoolExecutor.runWorker(Unknown Source)
 java.util.concurrent.ThreadPoolExecutor$Worker.run(Unknown Source)
 java.lang.Thread.run(Unknown Source)
2022-11-19 01:49:05.654  INFO 20012 --- [Thread-8] com.zaxxer.hikari.HikariDataSource       : HikariPool-1 - Shutdown initiated...
2022-11-19 01:49:05.665  INFO 20012 --- [Thread-8] com.zaxxer.hikari.HikariDataSource       : HikariPool-1 - Shutdown completed.
2022-11-19 01:49:05.789  INFO 20012 --- [restartedMain] com.mycom.project.ProjectApplication     : Starting ProjectApplication using Java 1.8.0_321 on DESKTOP-PDFSO0V with PID 20012 (C:\Users\rudgn\Desktop\ssafy\final\HappyHouse\Project\bin\main started by rudgn in C:\Users\rudgn\Desktop\ssafy\final\HappyHouse\Project)
2022-11-19 01:49:05.789  INFO 20012 --- [restartedMain] com.mycom.project.ProjectApplication     : No active profile set, falling back to 1 default profile: "default"
2022-11-19 01:49:06.089  INFO 20012 --- [restartedMain] o.s.b.w.embedded.tomcat.TomcatWebServer  : Tomcat initialized with port(s): 8080 (http)
2022-11-19 01:49:06.090  INFO 20012 --- [restartedMain] o.apache.catalina.core.StandardService   : Starting service [Tomcat]
2022-11-19 01:49:06.090  INFO 20012 --- [restartedMain] org.apache.catalina.core.StandardEngine  : Starting Servlet engine: [Apache Tomcat/9.0.68]
2022-11-19 01:49:06.106  INFO 20012 --- [restartedMain] o.a.c.c.C.[Tomcat].[localhost].[/]       : Initializing Spring embedded WebApplicationContext
2022-11-19 01:49:06.106  INFO 20012 --- [restartedMain] w.s.c.ServletWebServerApplicationContext : Root WebApplicationContext: initialization completed in 314 ms
2022-11-19 01:49:06.223  INFO 20012 --- [restartedMain] o.s.b.a.w.s.WelcomePageHandlerMapping    : Adding welcome page: class path resource [static/index.html]
2022-11-19 01:49:06.286  INFO 20012 --- [restartedMain] o.s.b.d.a.OptionalLiveReloadServer       : LiveReload server is running on port 35729
2022-11-19 01:49:06.300  INFO 20012 --- [restartedMain] o.s.b.w.embedded.tomcat.TomcatWebServer  : Tomcat started on port(s): 8080 (http) with context path ''
2022-11-19 01:49:06.304  INFO 20012 --- [restartedMain] com.mycom.project.ProjectApplication     : Started ProjectApplication in 0.543 seconds (JVM running for 32239.336)
2022-11-19 01:49:06.305  INFO 20012 --- [restartedMain] .ConditionEvaluationDeltaLoggingListener : Condition evaluation unchanged
2022-11-19 01:53:12.846  INFO 20012 --- [http-nio-8080-exec-1] o.a.c.c.C.[Tomcat].[localhost].[/]       : Initializing Spring DispatcherServlet 'dispatcherServlet'
2022-11-19 01:53:12.847  INFO 20012 --- [http-nio-8080-exec-1] o.s.web.servlet.DispatcherServlet        : Initializing Servlet 'dispatcherServlet'
2022-11-19 01:53:12.848  INFO 20012 --- [http-nio-8080-exec-1] o.s.web.servlet.DispatcherServlet        : Completed initialization in 1 ms
2022-11-19 01:53:12.852  INFO 20012 --- [http-nio-8080-exec-1] com.zaxxer.hikari.HikariDataSource       : HikariPool-2 - Starting...
2022-11-19 01:53:12.870  INFO 20012 --- [http-nio-8080-exec-1] com.zaxxer.hikari.HikariDataSource       : HikariPool-2 - Start completed.
2022-11-19 01:57:57.970  WARN 20012 --- [http-nio-8080-exec-3] .m.m.a.ExceptionHandlerExceptionResolver : Resolved [org.springframework.dao.DuplicateKeyException: <EOL><EOL>### Error updating database.  Cause: java.sql.SQLIntegrityConstraintViolationException: Duplicate entry 'ss@ss.com' for key 'users.USER_EMAIL_UNIQUE'<EOL><EOL>### The error may exist in mapper/user_query.xml<EOL><EOL>### The error may involve com.mycom.project.user.dao.UserDao.userRegister-Inline<EOL><EOL>### The error occurred while setting parameters<EOL><EOL>### SQL: insert into users( user_name, user_password, user_email, user_profile_image_url, user_register_date, user_state )       values ( ?, ?, ?, '', now(), ? )<EOL><EOL>### Cause: java.sql.SQLIntegrityConstraintViolationException: Duplicate entry 'ss@ss.com' for key 'users.USER_EMAIL_UNIQUE'<EOL>; Duplicate entry 'ss@ss.com' for key 'users.USER_EMAIL_UNIQUE'; nested exception is java.sql.SQLIntegrityConstraintViolationException: Duplicate entry 'ss@ss.com' for key 'users.USER_EMAIL_UNIQUE']
2022-11-19 02:08:58.193  INFO 20012 --- [RMI TCP Connection(2)-127.0.0.1] inMXBeanRegistrar$SpringApplicationAdmin : Application shutdown requested.
2022-11-19 02:08:58.295  INFO 20012 --- [RMI TCP Connection(2)-127.0.0.1] o.apache.catalina.core.StandardService   : Stopping service [Tomcat]
2022-11-19 02:08:58.296  INFO 20012 --- [RMI TCP Connection(2)-127.0.0.1] o.a.c.c.C.[Tomcat].[localhost].[/]       : Destroying Spring FrameworkServlet 'dispatcherServlet'
2022-11-19 02:08:58.301  WARN 20012 --- [RMI TCP Connection(2)-127.0.0.1] o.a.c.loader.WebappClassLoaderBase       : The web application [ROOT] appears to have started a thread named [HikariPool-2 housekeeper] but has failed to stop it. This is very likely to create a memory leak. Stack trace of thread:
 sun.misc.Unsafe.park(Native Method)
 java.util.concurrent.locks.LockSupport.parkNanos(Unknown Source)
 java.util.concurrent.locks.AbstractQueuedSynchronizer$ConditionObject.awaitNanos(Unknown Source)
 java.util.concurrent.ScheduledThreadPoolExecutor$DelayedWorkQueue.take(Unknown Source)
 java.util.concurrent.ScheduledThreadPoolExecutor$DelayedWorkQueue.take(Unknown Source)
 java.util.concurrent.ThreadPoolExecutor.getTask(Unknown Source)
 java.util.concurrent.ThreadPoolExecutor.runWorker(Unknown Source)
 java.util.concurrent.ThreadPoolExecutor$Worker.run(Unknown Source)
 java.lang.Thread.run(Unknown Source)
2022-11-19 02:08:58.307  INFO 20012 --- [RMI TCP Connection(2)-127.0.0.1] com.zaxxer.hikari.HikariDataSource       : HikariPool-2 - Shutdown initiated...
2022-11-19 02:08:58.315  INFO 20012 --- [RMI TCP Connection(2)-127.0.0.1] com.zaxxer.hikari.HikariDataSource       : HikariPool-2 - Shutdown completed.
