2022-11-10 13:28:57.683  INFO 14676 --- [restartedMain] com.mycom.project.ProjectApplication     : Starting ProjectApplication using Java 1.8.0_192 on DESKTOP-KVCQHCD with PID 14676 (C:\SSAFY\javaSpring\Project\bin\main started by SSAFY in C:\SSAFY\javaSpring\Project)
2022-11-10 13:28:57.686  INFO 14676 --- [restartedMain] com.mycom.project.ProjectApplication     : No active profile set, falling back to 1 default profile: "default"
2022-11-10 13:28:57.711  INFO 14676 --- [restartedMain] .e.DevToolsPropertyDefaultsPostProcessor : Devtools property defaults active! Set 'spring.devtools.add-properties' to 'false' to disable
2022-11-10 13:28:57.712  INFO 14676 --- [restartedMain] .e.DevToolsPropertyDefaultsPostProcessor : For additional web related logging consider setting the 'logging.level.web' property to 'DEBUG'
2022-11-10 13:28:58.486  INFO 14676 --- [restartedMain] o.s.b.w.embedded.tomcat.TomcatWebServer  : Tomcat initialized with port(s): 8080 (http)
2022-11-10 13:28:58.491  INFO 14676 --- [restartedMain] o.apache.catalina.core.StandardService   : Starting service [Tomcat]
2022-11-10 13:28:58.491  INFO 14676 --- [restartedMain] org.apache.catalina.core.StandardEngine  : Starting Servlet engine: [Apache Tomcat/9.0.68]
2022-11-10 13:28:58.533  INFO 14676 --- [restartedMain] o.a.c.c.C.[Tomcat].[localhost].[/]       : Initializing Spring embedded WebApplicationContext
2022-11-10 13:28:58.533  INFO 14676 --- [restartedMain] w.s.c.ServletWebServerApplicationContext : Root WebApplicationContext: initialization completed in 821 ms
2022-11-10 13:28:59.259  INFO 14676 --- [restartedMain] o.s.b.a.w.s.WelcomePageHandlerMapping    : Adding welcome page: class path resource [static/index.html]
2022-11-10 13:28:59.442  INFO 14676 --- [restartedMain] o.s.b.d.a.OptionalLiveReloadServer       : LiveReload server is running on port 35729
2022-11-10 13:28:59.464  INFO 14676 --- [restartedMain] o.s.b.w.embedded.tomcat.TomcatWebServer  : Tomcat started on port(s): 8080 (http) with context path ''
2022-11-10 13:28:59.470  INFO 14676 --- [restartedMain] com.mycom.project.ProjectApplication     : Started ProjectApplication in 2.028 seconds (JVM running for 2.479)
2022-11-10 13:29:06.140  INFO 14676 --- [http-nio-8080-exec-1] o.a.c.c.C.[Tomcat].[localhost].[/]       : Initializing Spring DispatcherServlet 'dispatcherServlet'
2022-11-10 13:29:06.140  INFO 14676 --- [http-nio-8080-exec-1] o.s.web.servlet.DispatcherServlet        : Initializing Servlet 'dispatcherServlet'
2022-11-10 13:29:06.141  INFO 14676 --- [http-nio-8080-exec-1] o.s.web.servlet.DispatcherServlet        : Completed initialization in 0 ms
2022-11-10 13:41:55.202  INFO 14676 --- [RMI TCP Connection(2)-127.0.0.1] inMXBeanRegistrar$SpringApplicationAdmin : Application shutdown requested.
2022-11-10 13:41:55.270  INFO 14676 --- [RMI TCP Connection(2)-127.0.0.1] o.apache.catalina.core.StandardService   : Stopping service [Tomcat]
2022-11-10 13:41:55.271  INFO 14676 --- [RMI TCP Connection(2)-127.0.0.1] o.a.c.c.C.[Tomcat].[localhost].[/]       : Destroying Spring FrameworkServlet 'dispatcherServlet'
2022-11-10 14:10:01.404  INFO 14532 --- [restartedMain] com.mycom.project.ProjectApplication     : Starting ProjectApplication using Java 1.8.0_192 on DESKTOP-KVCQHCD with PID 14532 (C:\SSAFY\javaSpring\Project\bin\main started by SSAFY in C:\SSAFY\javaSpring\Project)
2022-11-10 14:10:01.405  INFO 14532 --- [restartedMain] com.mycom.project.ProjectApplication     : No active profile set, falling back to 1 default profile: "default"
2022-11-10 14:10:01.433  INFO 14532 --- [restartedMain] .e.DevToolsPropertyDefaultsPostProcessor : Devtools property defaults active! Set 'spring.devtools.add-properties' to 'false' to disable
2022-11-10 14:10:01.433  INFO 14532 --- [restartedMain] .e.DevToolsPropertyDefaultsPostProcessor : For additional web related logging consider setting the 'logging.level.web' property to 'DEBUG'
2022-11-10 14:10:02.056  INFO 14532 --- [restartedMain] o.s.b.w.embedded.tomcat.TomcatWebServer  : Tomcat initialized with port(s): 9090 (http)
2022-11-10 14:10:02.061  INFO 14532 --- [restartedMain] o.apache.catalina.core.StandardService   : Starting service [Tomcat]
2022-11-10 14:10:02.061  INFO 14532 --- [restartedMain] org.apache.catalina.core.StandardEngine  : Starting Servlet engine: [Apache Tomcat/9.0.68]
2022-11-10 14:10:02.104  INFO 14532 --- [restartedMain] o.a.c.c.C.[Tomcat].[localhost].[/]       : Initializing Spring embedded WebApplicationContext
2022-11-10 14:10:02.104  INFO 14532 --- [restartedMain] w.s.c.ServletWebServerApplicationContext : Root WebApplicationContext: initialization completed in 670 ms
2022-11-10 14:10:02.394  INFO 14532 --- [restartedMain] o.s.b.a.w.s.WelcomePageHandlerMapping    : Adding welcome page: class path resource [static/index.html]
2022-11-10 14:10:02.564  INFO 14532 --- [restartedMain] o.s.b.d.a.OptionalLiveReloadServer       : LiveReload server is running on port 35729
2022-11-10 14:10:02.587  INFO 14532 --- [restartedMain] o.s.b.w.embedded.tomcat.TomcatWebServer  : Tomcat started on port(s): 9090 (http) with context path ''
2022-11-10 14:10:02.593  INFO 14532 --- [restartedMain] com.mycom.project.ProjectApplication     : Started ProjectApplication in 1.414 seconds (JVM running for 1.857)
2022-11-10 14:10:08.276  INFO 14532 --- [http-nio-9090-exec-2] o.a.c.c.C.[Tomcat].[localhost].[/]       : Initializing Spring DispatcherServlet 'dispatcherServlet'
2022-11-10 14:10:08.276  INFO 14532 --- [http-nio-9090-exec-2] o.s.web.servlet.DispatcherServlet        : Initializing Servlet 'dispatcherServlet'
2022-11-10 14:10:08.277  INFO 14532 --- [http-nio-9090-exec-2] o.s.web.servlet.DispatcherServlet        : Completed initialization in 1 ms
2022-11-10 18:02:35.452  INFO 14532 --- [RMI TCP Connection(2)-127.0.0.1] inMXBeanRegistrar$SpringApplicationAdmin : Application shutdown requested.
2022-11-10 18:02:35.528  INFO 14532 --- [RMI TCP Connection(2)-127.0.0.1] o.apache.catalina.core.StandardService   : Stopping service [Tomcat]
2022-11-10 18:02:35.530  INFO 14532 --- [RMI TCP Connection(2)-127.0.0.1] o.a.c.c.C.[Tomcat].[localhost].[/]       : Destroying Spring FrameworkServlet 'dispatcherServlet'
