2022-11-22 11:30:35.608  INFO 18776 --- [restartedMain] com.mycom.project.ProjectApplication     : Starting ProjectApplication using Java 1.8.0_192 on DESKTOP-KVCQHCD with PID 18776 (C:\Users\SSAFY\Desktop\SpringProject\Project\bin\main started by SSAFY in C:\Users\SSAFY\Desktop\SpringProject\Project)
2022-11-22 11:30:35.612  INFO 18776 --- [restartedMain] com.mycom.project.ProjectApplication     : No active profile set, falling back to 1 default profile: "default"
2022-11-22 11:30:35.640  INFO 18776 --- [restartedMain] .e.DevToolsPropertyDefaultsPostProcessor : Devtools property defaults active! Set 'spring.devtools.add-properties' to 'false' to disable
2022-11-22 11:30:35.641  INFO 18776 --- [restartedMain] .e.DevToolsPropertyDefaultsPostProcessor : For additional web related logging consider setting the 'logging.level.web' property to 'DEBUG'
2022-11-22 11:30:36.363  INFO 18776 --- [restartedMain] o.s.b.w.embedded.tomcat.TomcatWebServer  : Tomcat initialized with port(s): 8080 (http)
2022-11-22 11:30:36.369  INFO 18776 --- [restartedMain] o.apache.catalina.core.StandardService   : Starting service [Tomcat]
2022-11-22 11:30:36.369  INFO 18776 --- [restartedMain] org.apache.catalina.core.StandardEngine  : Starting Servlet engine: [Apache Tomcat/9.0.68]
2022-11-22 11:30:36.424  INFO 18776 --- [restartedMain] o.a.c.c.C.[Tomcat].[localhost].[/]       : Initializing Spring embedded WebApplicationContext
2022-11-22 11:30:36.424  INFO 18776 --- [restartedMain] w.s.c.ServletWebServerApplicationContext : Root WebApplicationContext: initialization completed in 783 ms
2022-11-22 11:30:36.830  INFO 18776 --- [restartedMain] o.s.b.a.w.s.WelcomePageHandlerMapping    : Adding welcome page: class path resource [static/index.html]
2022-11-22 11:30:37.050  WARN 18776 --- [restartedMain] o.s.b.d.a.OptionalLiveReloadServer       : Unable to start LiveReload server
2022-11-22 11:30:37.070  WARN 18776 --- [restartedMain] ConfigServletWebServerApplicationContext : Exception encountered during context initialization - cancelling refresh attempt: org.springframework.context.ApplicationContextException: Failed to start bean 'webServerStartStop'; nested exception is org.springframework.boot.web.server.PortInUseException: Port 8080 is already in use
2022-11-22 11:30:37.073  INFO 18776 --- [restartedMain] o.apache.catalina.core.StandardService   : Stopping service [Tomcat]
2022-11-22 11:30:37.082  INFO 18776 --- [restartedMain] ConditionEvaluationReportLoggingListener : 

Error starting ApplicationContext. To display the conditions report re-run your application with 'debug' enabled.
2022-11-22 11:30:37.096 ERROR 18776 --- [restartedMain] o.s.b.d.LoggingFailureAnalysisReporter   : 

***************************
APPLICATION FAILED TO START
***************************

Description:

Web server failed to start. Port 8080 was already in use.

Action:

Identify and stop the process that's listening on port 8080 or configure this application to listen on another port.

2022-11-22 11:31:04.356  INFO 19668 --- [restartedMain] com.mycom.project.ProjectApplication     : Starting ProjectApplication using Java 1.8.0_192 on DESKTOP-KVCQHCD with PID 19668 (C:\Users\SSAFY\Desktop\SpringProject\Project\bin\main started by SSAFY in C:\Users\SSAFY\Desktop\SpringProject\Project)
2022-11-22 11:31:04.357  INFO 19668 --- [restartedMain] com.mycom.project.ProjectApplication     : No active profile set, falling back to 1 default profile: "default"
2022-11-22 11:31:04.386  INFO 19668 --- [restartedMain] .e.DevToolsPropertyDefaultsPostProcessor : Devtools property defaults active! Set 'spring.devtools.add-properties' to 'false' to disable
2022-11-22 11:31:04.386  INFO 19668 --- [restartedMain] .e.DevToolsPropertyDefaultsPostProcessor : For additional web related logging consider setting the 'logging.level.web' property to 'DEBUG'
2022-11-22 11:31:05.110  INFO 19668 --- [restartedMain] o.s.b.w.embedded.tomcat.TomcatWebServer  : Tomcat initialized with port(s): 8080 (http)
2022-11-22 11:31:05.115  INFO 19668 --- [restartedMain] o.apache.catalina.core.StandardService   : Starting service [Tomcat]
2022-11-22 11:31:05.115  INFO 19668 --- [restartedMain] org.apache.catalina.core.StandardEngine  : Starting Servlet engine: [Apache Tomcat/9.0.68]
2022-11-22 11:31:05.162  INFO 19668 --- [restartedMain] o.a.c.c.C.[Tomcat].[localhost].[/]       : Initializing Spring embedded WebApplicationContext
2022-11-22 11:31:05.162  INFO 19668 --- [restartedMain] w.s.c.ServletWebServerApplicationContext : Root WebApplicationContext: initialization completed in 776 ms
2022-11-22 11:31:05.471  INFO 19668 --- [restartedMain] o.s.b.a.w.s.WelcomePageHandlerMapping    : Adding welcome page: class path resource [static/index.html]
2022-11-22 11:31:05.683  INFO 19668 --- [restartedMain] o.s.b.d.a.OptionalLiveReloadServer       : LiveReload server is running on port 35729
2022-11-22 11:31:05.716  INFO 19668 --- [restartedMain] o.s.b.w.embedded.tomcat.TomcatWebServer  : Tomcat started on port(s): 8080 (http) with context path ''
2022-11-22 11:31:05.723  INFO 19668 --- [restartedMain] com.mycom.project.ProjectApplication     : Started ProjectApplication in 1.6 seconds (JVM running for 2.068)
2022-11-22 11:32:11.715  INFO 19668 --- [http-nio-8080-exec-1] o.a.c.c.C.[Tomcat].[localhost].[/]       : Initializing Spring DispatcherServlet 'dispatcherServlet'
2022-11-22 11:32:11.715  INFO 19668 --- [http-nio-8080-exec-1] o.s.web.servlet.DispatcherServlet        : Initializing Servlet 'dispatcherServlet'
2022-11-22 11:32:11.716  INFO 19668 --- [http-nio-8080-exec-1] o.s.web.servlet.DispatcherServlet        : Completed initialization in 1 ms
2022-11-22 11:32:11.768  INFO 19668 --- [http-nio-8080-exec-2] com.zaxxer.hikari.HikariDataSource       : HikariPool-1 - Starting...
2022-11-22 11:32:11.955  INFO 19668 --- [http-nio-8080-exec-2] com.zaxxer.hikari.HikariDataSource       : HikariPool-1 - Start completed.
2022-11-22 11:32:12.037  WARN 19668 --- [http-nio-8080-exec-2] .m.m.a.ExceptionHandlerExceptionResolver : Resolved [org.springframework.jdbc.BadSqlGrammarException: <EOL><EOL>### Error querying database.  Cause: java.sql.SQLSyntaxErrorException: Unknown column 'user_comment' in 'field list'<EOL><EOL>### The error may exist in mapper/login_query.xml<EOL><EOL>### The error may involve com.mycom.project.login.dao.LoginDao.login-Inline<EOL><EOL>### The error occurred while setting parameters<EOL><EOL>### SQL: select user_seq, user_name, user_password, user_email, user_profile_image_url, user_register_date, user_state, user_event_part, user_comment       from users       where user_email = ?<EOL><EOL>### Cause: java.sql.SQLSyntaxErrorException: Unknown column 'user_comment' in 'field list'<EOL>; bad SQL grammar []; nested exception is java.sql.SQLSyntaxErrorException: Unknown column 'user_comment' in 'field list']
2022-11-22 17:46:33.272  INFO 19668 --- [RMI TCP Connection(2)-127.0.0.1] inMXBeanRegistrar$SpringApplicationAdmin : Application shutdown requested.
2022-11-22 17:46:33.370  INFO 19668 --- [RMI TCP Connection(2)-127.0.0.1] o.apache.catalina.core.StandardService   : Stopping service [Tomcat]
2022-11-22 17:46:33.371  INFO 19668 --- [RMI TCP Connection(2)-127.0.0.1] o.a.c.c.C.[Tomcat].[localhost].[/]       : Destroying Spring FrameworkServlet 'dispatcherServlet'
2022-11-22 17:46:33.376  WARN 19668 --- [RMI TCP Connection(2)-127.0.0.1] o.a.c.loader.WebappClassLoaderBase       : The web application [ROOT] appears to have started a thread named [HikariPool-1 housekeeper] but has failed to stop it. This is very likely to create a memory leak. Stack trace of thread:
 sun.misc.Unsafe.park(Native Method)
 java.util.concurrent.locks.LockSupport.parkNanos(LockSupport.java:215)
 java.util.concurrent.locks.AbstractQueuedSynchronizer$ConditionObject.awaitNanos(AbstractQueuedSynchronizer.java:2078)
 java.util.concurrent.ScheduledThreadPoolExecutor$DelayedWorkQueue.take(ScheduledThreadPoolExecutor.java:1093)
 java.util.concurrent.ScheduledThreadPoolExecutor$DelayedWorkQueue.take(ScheduledThreadPoolExecutor.java:809)
 java.util.concurrent.ThreadPoolExecutor.getTask(ThreadPoolExecutor.java:1074)
 java.util.concurrent.ThreadPoolExecutor.runWorker(ThreadPoolExecutor.java:1134)
 java.util.concurrent.ThreadPoolExecutor$Worker.run(ThreadPoolExecutor.java:624)
 java.lang.Thread.run(Thread.java:748)
2022-11-22 17:46:33.380  INFO 19668 --- [RMI TCP Connection(2)-127.0.0.1] com.zaxxer.hikari.HikariDataSource       : HikariPool-1 - Shutdown initiated...
2022-11-22 17:46:33.385  INFO 19668 --- [RMI TCP Connection(2)-127.0.0.1] com.zaxxer.hikari.HikariDataSource       : HikariPool-1 - Shutdown completed.
