2022-11-16 10:31:05.568  INFO 13428 --- [restartedMain] com.mycom.project.ProjectApplication     : Starting ProjectApplication using Java 1.8.0_192 on DESKTOP-KVCQHCD with PID 13428 (C:\SSAFY\javaSpring\Project\bin\main started by SSAFY in C:\SSAFY\javaSpring\Project)
2022-11-16 10:31:05.571  INFO 13428 --- [restartedMain] com.mycom.project.ProjectApplication     : No active profile set, falling back to 1 default profile: "default"
2022-11-16 10:31:05.600  INFO 13428 --- [restartedMain] .e.DevToolsPropertyDefaultsPostProcessor : Devtools property defaults active! Set 'spring.devtools.add-properties' to 'false' to disable
2022-11-16 10:31:05.600  INFO 13428 --- [restartedMain] .e.DevToolsPropertyDefaultsPostProcessor : For additional web related logging consider setting the 'logging.level.web' property to 'DEBUG'
2022-11-16 10:31:06.344  INFO 13428 --- [restartedMain] o.s.b.w.embedded.tomcat.TomcatWebServer  : Tomcat initialized with port(s): 9090 (http)
2022-11-16 10:31:06.349  INFO 13428 --- [restartedMain] o.apache.catalina.core.StandardService   : Starting service [Tomcat]
2022-11-16 10:31:06.349  INFO 13428 --- [restartedMain] org.apache.catalina.core.StandardEngine  : Starting Servlet engine: [Apache Tomcat/9.0.68]
2022-11-16 10:31:06.397  INFO 13428 --- [restartedMain] o.a.c.c.C.[Tomcat].[localhost].[/]       : Initializing Spring embedded WebApplicationContext
2022-11-16 10:31:06.397  INFO 13428 --- [restartedMain] w.s.c.ServletWebServerApplicationContext : Root WebApplicationContext: initialization completed in 797 ms
2022-11-16 10:31:06.714  INFO 13428 --- [restartedMain] o.s.b.a.w.s.WelcomePageHandlerMapping    : Adding welcome page: class path resource [static/index.html]
2022-11-16 10:31:06.936  INFO 13428 --- [restartedMain] o.s.b.d.a.OptionalLiveReloadServer       : LiveReload server is running on port 35729
2022-11-16 10:31:06.958  INFO 13428 --- [restartedMain] o.s.b.w.embedded.tomcat.TomcatWebServer  : Tomcat started on port(s): 9090 (http) with context path ''
2022-11-16 10:31:06.964  INFO 13428 --- [restartedMain] com.mycom.project.ProjectApplication     : Started ProjectApplication in 1.678 seconds (JVM running for 2.153)
2022-11-16 10:31:53.479  INFO 13428 --- [http-nio-9090-exec-1] o.a.c.c.C.[Tomcat].[localhost].[/]       : Initializing Spring DispatcherServlet 'dispatcherServlet'
2022-11-16 10:31:53.480  INFO 13428 --- [http-nio-9090-exec-1] o.s.web.servlet.DispatcherServlet        : Initializing Servlet 'dispatcherServlet'
2022-11-16 10:31:53.480  INFO 13428 --- [http-nio-9090-exec-1] o.s.web.servlet.DispatcherServlet        : Completed initialization in 0 ms
2022-11-16 10:31:56.303  INFO 13428 --- [http-nio-9090-exec-8] com.zaxxer.hikari.HikariDataSource       : HikariPool-1 - Starting...
2022-11-16 10:31:56.493  INFO 13428 --- [http-nio-9090-exec-8] com.zaxxer.hikari.HikariDataSource       : HikariPool-1 - Start completed.
2022-11-16 11:56:28.176  INFO 13428 --- [File Watcher] rtingClassPathChangeChangedEventListener : Restarting due to 1 class path change (0 additions, 0 deletions, 1 modification)
2022-11-16 11:56:28.286  INFO 13428 --- [Thread-6] o.apache.catalina.core.StandardService   : Stopping service [Tomcat]
2022-11-16 11:56:28.287  INFO 13428 --- [Thread-6] o.a.c.c.C.[Tomcat].[localhost].[/]       : Destroying Spring FrameworkServlet 'dispatcherServlet'
2022-11-16 11:56:28.305  WARN 13428 --- [Thread-6] o.a.c.loader.WebappClassLoaderBase       : The web application [ROOT] appears to have started a thread named [HikariPool-1 housekeeper] but has failed to stop it. This is very likely to create a memory leak. Stack trace of thread:
 sun.misc.Unsafe.park(Native Method)
 java.util.concurrent.locks.LockSupport.parkNanos(LockSupport.java:215)
 java.util.concurrent.locks.AbstractQueuedSynchronizer$ConditionObject.awaitNanos(AbstractQueuedSynchronizer.java:2078)
 java.util.concurrent.ScheduledThreadPoolExecutor$DelayedWorkQueue.take(ScheduledThreadPoolExecutor.java:1093)
 java.util.concurrent.ScheduledThreadPoolExecutor$DelayedWorkQueue.take(ScheduledThreadPoolExecutor.java:809)
 java.util.concurrent.ThreadPoolExecutor.getTask(ThreadPoolExecutor.java:1074)
 java.util.concurrent.ThreadPoolExecutor.runWorker(ThreadPoolExecutor.java:1134)
 java.util.concurrent.ThreadPoolExecutor$Worker.run(ThreadPoolExecutor.java:624)
 java.lang.Thread.run(Thread.java:748)
2022-11-16 11:56:28.308  INFO 13428 --- [Thread-6] com.zaxxer.hikari.HikariDataSource       : HikariPool-1 - Shutdown initiated...
2022-11-16 11:56:28.313  INFO 13428 --- [Thread-6] com.zaxxer.hikari.HikariDataSource       : HikariPool-1 - Shutdown completed.
2022-11-16 11:56:28.413  INFO 13428 --- [restartedMain] com.mycom.project.ProjectApplication     : Starting ProjectApplication using Java 1.8.0_192 on DESKTOP-KVCQHCD with PID 13428 (C:\SSAFY\javaSpring\Project\bin\main started by SSAFY in C:\SSAFY\javaSpring\Project)
2022-11-16 11:56:28.413  INFO 13428 --- [restartedMain] com.mycom.project.ProjectApplication     : No active profile set, falling back to 1 default profile: "default"
2022-11-16 11:56:28.704  INFO 13428 --- [restartedMain] o.s.b.w.embedded.tomcat.TomcatWebServer  : Tomcat initialized with port(s): 9090 (http)
2022-11-16 11:56:28.704  INFO 13428 --- [restartedMain] o.apache.catalina.core.StandardService   : Starting service [Tomcat]
2022-11-16 11:56:28.705  INFO 13428 --- [restartedMain] org.apache.catalina.core.StandardEngine  : Starting Servlet engine: [Apache Tomcat/9.0.68]
2022-11-16 11:56:28.715  INFO 13428 --- [restartedMain] o.a.c.c.C.[Tomcat].[localhost].[/]       : Initializing Spring embedded WebApplicationContext
2022-11-16 11:56:28.715  INFO 13428 --- [restartedMain] w.s.c.ServletWebServerApplicationContext : Root WebApplicationContext: initialization completed in 300 ms
2022-11-16 11:56:28.729  WARN 13428 --- [restartedMain] ConfigServletWebServerApplicationContext : Exception encountered during context initialization - cancelling refresh attempt: org.springframework.beans.factory.BeanCreationException: Error creating bean with name 'aptController' defined in file [C:\SSAFY\javaSpring\Project\bin\main\com\mycom\project\apt\controller\AptController.class]: Instantiation of bean failed; nested exception is org.springframework.beans.BeanInstantiationException: Failed to instantiate [com.mycom.project.apt.controller.AptController]: Constructor threw exception; nested exception is java.lang.Error: Unresolved compilation problems: 
	CrossOrigin cannot be resolved to a type
	RequestMethod cannot be resolved to a variable
	RequestMethod cannot be resolved to a variable
	RequestMethod cannot be resolved to a variable
	RequestMethod cannot be resolved to a variable
	RequestMethod cannot be resolved to a variable
	RequestMethod cannot be resolved to a variable

2022-11-16 11:56:28.730  INFO 13428 --- [restartedMain] o.apache.catalina.core.StandardService   : Stopping service [Tomcat]
2022-11-16 11:56:28.736  INFO 13428 --- [restartedMain] ConditionEvaluationReportLoggingListener : 

Error starting ApplicationContext. To display the conditions report re-run your application with 'debug' enabled.
2022-11-16 11:56:28.768 ERROR 13428 --- [restartedMain] o.s.boot.SpringApplication               : Application run failed

org.springframework.beans.factory.BeanCreationException: Error creating bean with name 'aptController' defined in file [C:\SSAFY\javaSpring\Project\bin\main\com\mycom\project\apt\controller\AptController.class]: Instantiation of bean failed; nested exception is org.springframework.beans.BeanInstantiationException: Failed to instantiate [com.mycom.project.apt.controller.AptController]: Constructor threw exception; nested exception is java.lang.Error: Unresolved compilation problems: 
	CrossOrigin cannot be resolved to a type
	RequestMethod cannot be resolved to a variable
	RequestMethod cannot be resolved to a variable
	RequestMethod cannot be resolved to a variable
	RequestMethod cannot be resolved to a variable
	RequestMethod cannot be resolved to a variable
	RequestMethod cannot be resolved to a variable

	at org.springframework.beans.factory.support.AbstractAutowireCapableBeanFactory.instantiateBean(AbstractAutowireCapableBeanFactory.java:1334) ~[spring-beans-5.3.23.jar:5.3.23]
	at org.springframework.beans.factory.support.AbstractAutowireCapableBeanFactory.createBeanInstance(AbstractAutowireCapableBeanFactory.java:1232) ~[spring-beans-5.3.23.jar:5.3.23]
	at org.springframework.beans.factory.support.AbstractAutowireCapableBeanFactory.doCreateBean(AbstractAutowireCapableBeanFactory.java:582) ~[spring-beans-5.3.23.jar:5.3.23]
	at org.springframework.beans.factory.support.AbstractAutowireCapableBeanFactory.createBean(AbstractAutowireCapableBeanFactory.java:542) ~[spring-beans-5.3.23.jar:5.3.23]
	at org.springframework.beans.factory.support.AbstractBeanFactory.lambda$doGetBean$0(AbstractBeanFactory.java:335) ~[spring-beans-5.3.23.jar:5.3.23]
	at org.springframework.beans.factory.support.DefaultSingletonBeanRegistry.getSingleton(DefaultSingletonBeanRegistry.java:234) ~[spring-beans-5.3.23.jar:5.3.23]
	at org.springframework.beans.factory.support.AbstractBeanFactory.doGetBean(AbstractBeanFactory.java:333) ~[spring-beans-5.3.23.jar:5.3.23]
	at org.springframework.beans.factory.support.AbstractBeanFactory.getBean(AbstractBeanFactory.java:208) ~[spring-beans-5.3.23.jar:5.3.23]
	at org.springframework.beans.factory.support.DefaultListableBeanFactory.preInstantiateSingletons(DefaultListableBeanFactory.java:955) ~[spring-beans-5.3.23.jar:5.3.23]
	at org.springframework.context.support.AbstractApplicationContext.finishBeanFactoryInitialization(AbstractApplicationContext.java:918) ~[spring-context-5.3.23.jar:5.3.23]
	at org.springframework.context.support.AbstractApplicationContext.refresh(AbstractApplicationContext.java:583) ~[spring-context-5.3.23.jar:5.3.23]
	at org.springframework.boot.web.servlet.context.ServletWebServerApplicationContext.refresh(ServletWebServerApplicationContext.java:147) ~[spring-boot-2.7.5.jar:2.7.5]
	at org.springframework.boot.SpringApplication.refresh(SpringApplication.java:734) [spring-boot-2.7.5.jar:2.7.5]
	at org.springframework.boot.SpringApplication.refreshContext(SpringApplication.java:408) [spring-boot-2.7.5.jar:2.7.5]
	at org.springframework.boot.SpringApplication.run(SpringApplication.java:308) [spring-boot-2.7.5.jar:2.7.5]
	at org.springframework.boot.SpringApplication.run(SpringApplication.java:1306) [spring-boot-2.7.5.jar:2.7.5]
	at org.springframework.boot.SpringApplication.run(SpringApplication.java:1295) [spring-boot-2.7.5.jar:2.7.5]
	at com.mycom.project.ProjectApplication.main(ProjectApplication.java:10) [main/:na]
	at sun.reflect.NativeMethodAccessorImpl.invoke0(Native Method) ~[na:1.8.0_192]
	at sun.reflect.NativeMethodAccessorImpl.invoke(NativeMethodAccessorImpl.java:62) ~[na:1.8.0_192]
	at sun.reflect.DelegatingMethodAccessorImpl.invoke(DelegatingMethodAccessorImpl.java:43) ~[na:1.8.0_192]
	at java.lang.reflect.Method.invoke(Method.java:498) ~[na:1.8.0_192]
	at org.springframework.boot.devtools.restart.RestartLauncher.run(RestartLauncher.java:49) [spring-boot-devtools-2.7.5.jar:2.7.5]
Caused by: org.springframework.beans.BeanInstantiationException: Failed to instantiate [com.mycom.project.apt.controller.AptController]: Constructor threw exception; nested exception is java.lang.Error: Unresolved compilation problems: 
	CrossOrigin cannot be resolved to a type
	RequestMethod cannot be resolved to a variable
	RequestMethod cannot be resolved to a variable
	RequestMethod cannot be resolved to a variable
	RequestMethod cannot be resolved to a variable
	RequestMethod cannot be resolved to a variable
	RequestMethod cannot be resolved to a variable

	at org.springframework.beans.BeanUtils.instantiateClass(BeanUtils.java:224) ~[spring-beans-5.3.23.jar:5.3.23]
	at org.springframework.beans.factory.support.SimpleInstantiationStrategy.instantiate(SimpleInstantiationStrategy.java:87) ~[spring-beans-5.3.23.jar:5.3.23]
	at org.springframework.beans.factory.support.AbstractAutowireCapableBeanFactory.instantiateBean(AbstractAutowireCapableBeanFactory.java:1326) ~[spring-beans-5.3.23.jar:5.3.23]
	... 22 common frames omitted
Caused by: java.lang.Error: Unresolved compilation problems: 
	CrossOrigin cannot be resolved to a type
	RequestMethod cannot be resolved to a variable
	RequestMethod cannot be resolved to a variable
	RequestMethod cannot be resolved to a variable
	RequestMethod cannot be resolved to a variable
	RequestMethod cannot be resolved to a variable
	RequestMethod cannot be resolved to a variable

	at com.mycom.project.apt.controller.AptController.<init>(AptController.java:15) ~[main/:na]
	at sun.reflect.NativeConstructorAccessorImpl.newInstance0(Native Method) ~[na:1.8.0_192]
	at sun.reflect.NativeConstructorAccessorImpl.newInstance(NativeConstructorAccessorImpl.java:62) ~[na:1.8.0_192]
	at sun.reflect.DelegatingConstructorAccessorImpl.newInstance(DelegatingConstructorAccessorImpl.java:45) ~[na:1.8.0_192]
	at java.lang.reflect.Constructor.newInstance(Constructor.java:423) ~[na:1.8.0_192]
	at org.springframework.beans.BeanUtils.instantiateClass(BeanUtils.java:211) ~[spring-beans-5.3.23.jar:5.3.23]
	... 24 common frames omitted

2022-11-16 11:56:35.462  INFO 13428 --- [restartedMain] com.mycom.project.ProjectApplication     : Starting ProjectApplication using Java 1.8.0_192 on DESKTOP-KVCQHCD with PID 13428 (C:\SSAFY\javaSpring\Project\bin\main started by SSAFY in C:\SSAFY\javaSpring\Project)
2022-11-16 11:56:35.463  INFO 13428 --- [restartedMain] com.mycom.project.ProjectApplication     : No active profile set, falling back to 1 default profile: "default"
2022-11-16 11:56:35.634  INFO 13428 --- [restartedMain] o.s.b.w.embedded.tomcat.TomcatWebServer  : Tomcat initialized with port(s): 9090 (http)
2022-11-16 11:56:35.634  INFO 13428 --- [restartedMain] o.apache.catalina.core.StandardService   : Starting service [Tomcat]
2022-11-16 11:56:35.634  INFO 13428 --- [restartedMain] org.apache.catalina.core.StandardEngine  : Starting Servlet engine: [Apache Tomcat/9.0.68]
2022-11-16 11:56:35.641  INFO 13428 --- [restartedMain] o.a.c.c.C.[Tomcat-1].[localhost].[/]     : Initializing Spring embedded WebApplicationContext
2022-11-16 11:56:35.641  INFO 13428 --- [restartedMain] w.s.c.ServletWebServerApplicationContext : Root WebApplicationContext: initialization completed in 175 ms
2022-11-16 11:56:35.710  INFO 13428 --- [restartedMain] o.s.b.a.w.s.WelcomePageHandlerMapping    : Adding welcome page: class path resource [static/index.html]
2022-11-16 11:56:35.755  INFO 13428 --- [restartedMain] o.s.b.d.a.OptionalLiveReloadServer       : LiveReload server is running on port 35729
2022-11-16 11:56:35.769  INFO 13428 --- [restartedMain] o.s.b.w.embedded.tomcat.TomcatWebServer  : Tomcat started on port(s): 9090 (http) with context path ''
2022-11-16 11:56:35.771  INFO 13428 --- [restartedMain] com.mycom.project.ProjectApplication     : Started ProjectApplication in 0.326 seconds (JVM running for 5130.948)
2022-11-16 11:56:35.772  INFO 13428 --- [restartedMain] .ConditionEvaluationDeltaLoggingListener : Condition evaluation unchanged
2022-11-16 11:56:50.750  INFO 13428 --- [File Watcher] rtingClassPathChangeChangedEventListener : Restarting due to 1 class path change (0 additions, 0 deletions, 1 modification)
2022-11-16 11:56:50.821  INFO 13428 --- [Thread-8] o.apache.catalina.core.StandardService   : Stopping service [Tomcat]
2022-11-16 11:56:50.913  INFO 13428 --- [restartedMain] com.mycom.project.ProjectApplication     : Starting ProjectApplication using Java 1.8.0_192 on DESKTOP-KVCQHCD with PID 13428 (C:\SSAFY\javaSpring\Project\bin\main started by SSAFY in C:\SSAFY\javaSpring\Project)
2022-11-16 11:56:50.913  INFO 13428 --- [restartedMain] com.mycom.project.ProjectApplication     : No active profile set, falling back to 1 default profile: "default"
2022-11-16 11:56:51.080  INFO 13428 --- [restartedMain] o.s.b.w.embedded.tomcat.TomcatWebServer  : Tomcat initialized with port(s): 9090 (http)
2022-11-16 11:56:51.080  INFO 13428 --- [restartedMain] o.apache.catalina.core.StandardService   : Starting service [Tomcat]
2022-11-16 11:56:51.080  INFO 13428 --- [restartedMain] org.apache.catalina.core.StandardEngine  : Starting Servlet engine: [Apache Tomcat/9.0.68]
2022-11-16 11:56:51.089  INFO 13428 --- [restartedMain] o.a.c.c.C.[Tomcat-1].[localhost].[/]     : Initializing Spring embedded WebApplicationContext
2022-11-16 11:56:51.089  INFO 13428 --- [restartedMain] w.s.c.ServletWebServerApplicationContext : Root WebApplicationContext: initialization completed in 173 ms
2022-11-16 11:56:51.156  INFO 13428 --- [restartedMain] o.s.b.a.w.s.WelcomePageHandlerMapping    : Adding welcome page: class path resource [static/index.html]
2022-11-16 11:56:51.190  INFO 13428 --- [restartedMain] o.s.b.d.a.OptionalLiveReloadServer       : LiveReload server is running on port 35729
2022-11-16 11:56:51.197  INFO 13428 --- [restartedMain] o.s.b.w.embedded.tomcat.TomcatWebServer  : Tomcat started on port(s): 9090 (http) with context path ''
2022-11-16 11:56:51.199  INFO 13428 --- [restartedMain] com.mycom.project.ProjectApplication     : Started ProjectApplication in 0.304 seconds (JVM running for 5146.376)
2022-11-16 11:56:51.200  INFO 13428 --- [restartedMain] .ConditionEvaluationDeltaLoggingListener : Condition evaluation unchanged
2022-11-16 11:57:21.743  INFO 13428 --- [File Watcher] rtingClassPathChangeChangedEventListener : Restarting due to 1 class path change (0 additions, 0 deletions, 1 modification)
2022-11-16 11:57:21.816  INFO 13428 --- [Thread-15] o.apache.catalina.core.StandardService   : Stopping service [Tomcat]
2022-11-16 11:57:21.919  INFO 13428 --- [restartedMain] com.mycom.project.ProjectApplication     : Starting ProjectApplication using Java 1.8.0_192 on DESKTOP-KVCQHCD with PID 13428 (C:\SSAFY\javaSpring\Project\bin\main started by SSAFY in C:\SSAFY\javaSpring\Project)
2022-11-16 11:57:21.919  INFO 13428 --- [restartedMain] com.mycom.project.ProjectApplication     : No active profile set, falling back to 1 default profile: "default"
2022-11-16 11:57:22.074  INFO 13428 --- [restartedMain] o.s.b.w.embedded.tomcat.TomcatWebServer  : Tomcat initialized with port(s): 9090 (http)
2022-11-16 11:57:22.075  INFO 13428 --- [restartedMain] o.apache.catalina.core.StandardService   : Starting service [Tomcat]
2022-11-16 11:57:22.075  INFO 13428 --- [restartedMain] org.apache.catalina.core.StandardEngine  : Starting Servlet engine: [Apache Tomcat/9.0.68]
2022-11-16 11:57:22.081  INFO 13428 --- [restartedMain] o.a.c.c.C.[Tomcat-1].[localhost].[/]     : Initializing Spring embedded WebApplicationContext
2022-11-16 11:57:22.082  INFO 13428 --- [restartedMain] w.s.c.ServletWebServerApplicationContext : Root WebApplicationContext: initialization completed in 162 ms
2022-11-16 11:57:22.138  INFO 13428 --- [restartedMain] o.s.b.a.w.s.WelcomePageHandlerMapping    : Adding welcome page: class path resource [static/index.html]
2022-11-16 11:57:22.172  INFO 13428 --- [restartedMain] o.s.b.d.a.OptionalLiveReloadServer       : LiveReload server is running on port 35729
2022-11-16 11:57:22.179  INFO 13428 --- [restartedMain] o.s.b.w.embedded.tomcat.TomcatWebServer  : Tomcat started on port(s): 9090 (http) with context path ''
2022-11-16 11:57:22.181  INFO 13428 --- [restartedMain] com.mycom.project.ProjectApplication     : Started ProjectApplication in 0.277 seconds (JVM running for 5177.358)
2022-11-16 11:57:22.182  INFO 13428 --- [restartedMain] .ConditionEvaluationDeltaLoggingListener : Condition evaluation unchanged
2022-11-16 11:57:32.974  INFO 13428 --- [File Watcher] rtingClassPathChangeChangedEventListener : Restarting due to 1 class path change (0 additions, 0 deletions, 1 modification)
2022-11-16 11:57:33.040  INFO 13428 --- [Thread-19] o.apache.catalina.core.StandardService   : Stopping service [Tomcat]
2022-11-16 11:57:33.129  INFO 13428 --- [restartedMain] com.mycom.project.ProjectApplication     : Starting ProjectApplication using Java 1.8.0_192 on DESKTOP-KVCQHCD with PID 13428 (C:\SSAFY\javaSpring\Project\bin\main started by SSAFY in C:\SSAFY\javaSpring\Project)
2022-11-16 11:57:33.129  INFO 13428 --- [restartedMain] com.mycom.project.ProjectApplication     : No active profile set, falling back to 1 default profile: "default"
2022-11-16 11:57:33.290  INFO 13428 --- [restartedMain] o.s.b.w.embedded.tomcat.TomcatWebServer  : Tomcat initialized with port(s): 9090 (http)
2022-11-16 11:57:33.291  INFO 13428 --- [restartedMain] o.apache.catalina.core.StandardService   : Starting service [Tomcat]
2022-11-16 11:57:33.291  INFO 13428 --- [restartedMain] org.apache.catalina.core.StandardEngine  : Starting Servlet engine: [Apache Tomcat/9.0.68]
2022-11-16 11:57:33.299  INFO 13428 --- [restartedMain] o.a.c.c.C.[Tomcat-1].[localhost].[/]     : Initializing Spring embedded WebApplicationContext
2022-11-16 11:57:33.299  INFO 13428 --- [restartedMain] w.s.c.ServletWebServerApplicationContext : Root WebApplicationContext: initialization completed in 168 ms
2022-11-16 11:57:33.358  INFO 13428 --- [restartedMain] o.s.b.a.w.s.WelcomePageHandlerMapping    : Adding welcome page: class path resource [static/index.html]
2022-11-16 11:57:33.390  INFO 13428 --- [restartedMain] o.s.b.d.a.OptionalLiveReloadServer       : LiveReload server is running on port 35729
2022-11-16 11:57:33.398  INFO 13428 --- [restartedMain] o.s.b.w.embedded.tomcat.TomcatWebServer  : Tomcat started on port(s): 9090 (http) with context path ''
2022-11-16 11:57:33.400  INFO 13428 --- [restartedMain] com.mycom.project.ProjectApplication     : Started ProjectApplication in 0.286 seconds (JVM running for 5188.578)
2022-11-16 11:57:33.401  INFO 13428 --- [restartedMain] .ConditionEvaluationDeltaLoggingListener : Condition evaluation unchanged
2022-11-16 12:13:48.570  INFO 13428 --- [http-nio-9090-exec-1] o.a.c.c.C.[Tomcat-1].[localhost].[/]     : Initializing Spring DispatcherServlet 'dispatcherServlet'
2022-11-16 12:13:48.571  INFO 13428 --- [http-nio-9090-exec-1] o.s.web.servlet.DispatcherServlet        : Initializing Servlet 'dispatcherServlet'
2022-11-16 12:13:48.572  INFO 13428 --- [http-nio-9090-exec-1] o.s.web.servlet.DispatcherServlet        : Completed initialization in 1 ms
2022-11-16 13:32:50.678  INFO 13428 --- [RMI TCP Connection(2)-127.0.0.1] inMXBeanRegistrar$SpringApplicationAdmin : Application shutdown requested.
2022-11-16 13:32:50.761  INFO 13428 --- [RMI TCP Connection(2)-127.0.0.1] o.apache.catalina.core.StandardService   : Stopping service [Tomcat]
2022-11-16 13:32:50.763  INFO 13428 --- [RMI TCP Connection(2)-127.0.0.1] o.a.c.c.C.[Tomcat-1].[localhost].[/]     : Destroying Spring FrameworkServlet 'dispatcherServlet'
2022-11-16 13:33:05.574  INFO 11968 --- [restartedMain] com.mycom.project.ProjectApplication     : Starting ProjectApplication using Java 1.8.0_192 on DESKTOP-KVCQHCD with PID 11968 (C:\SSAFY\javaSpring\Project\bin\main started by SSAFY in C:\SSAFY\javaSpring\Project)
2022-11-16 13:33:05.575  INFO 11968 --- [restartedMain] com.mycom.project.ProjectApplication     : No active profile set, falling back to 1 default profile: "default"
2022-11-16 13:33:05.601  INFO 11968 --- [restartedMain] .e.DevToolsPropertyDefaultsPostProcessor : Devtools property defaults active! Set 'spring.devtools.add-properties' to 'false' to disable
2022-11-16 13:33:05.601  INFO 11968 --- [restartedMain] .e.DevToolsPropertyDefaultsPostProcessor : For additional web related logging consider setting the 'logging.level.web' property to 'DEBUG'
2022-11-16 13:33:06.217  INFO 11968 --- [restartedMain] o.s.b.w.embedded.tomcat.TomcatWebServer  : Tomcat initialized with port(s): 8080 (http)
2022-11-16 13:33:06.222  INFO 11968 --- [restartedMain] o.apache.catalina.core.StandardService   : Starting service [Tomcat]
2022-11-16 13:33:06.222  INFO 11968 --- [restartedMain] org.apache.catalina.core.StandardEngine  : Starting Servlet engine: [Apache Tomcat/9.0.68]
2022-11-16 13:33:06.264  INFO 11968 --- [restartedMain] o.a.c.c.C.[Tomcat].[localhost].[/]       : Initializing Spring embedded WebApplicationContext
2022-11-16 13:33:06.264  INFO 11968 --- [restartedMain] w.s.c.ServletWebServerApplicationContext : Root WebApplicationContext: initialization completed in 663 ms
2022-11-16 13:33:06.533  INFO 11968 --- [restartedMain] o.s.b.a.w.s.WelcomePageHandlerMapping    : Adding welcome page: class path resource [static/index.html]
2022-11-16 13:33:06.694  INFO 11968 --- [restartedMain] o.s.b.d.a.OptionalLiveReloadServer       : LiveReload server is running on port 35729
2022-11-16 13:33:06.715  INFO 11968 --- [restartedMain] o.s.b.w.embedded.tomcat.TomcatWebServer  : Tomcat started on port(s): 8080 (http) with context path ''
2022-11-16 13:33:06.721  INFO 11968 --- [restartedMain] com.mycom.project.ProjectApplication     : Started ProjectApplication in 1.363 seconds (JVM running for 1.811)
2022-11-16 13:45:14.944  INFO 11968 --- [http-nio-8080-exec-1] o.a.c.c.C.[Tomcat].[localhost].[/]       : Initializing Spring DispatcherServlet 'dispatcherServlet'
2022-11-16 13:45:14.944  INFO 11968 --- [http-nio-8080-exec-1] o.s.web.servlet.DispatcherServlet        : Initializing Servlet 'dispatcherServlet'
2022-11-16 13:45:14.946  INFO 11968 --- [http-nio-8080-exec-1] o.s.web.servlet.DispatcherServlet        : Completed initialization in 2 ms
2022-11-16 13:45:14.988  INFO 11968 --- [http-nio-8080-exec-3] com.zaxxer.hikari.HikariDataSource       : HikariPool-1 - Starting...
2022-11-16 13:45:15.129  INFO 11968 --- [http-nio-8080-exec-3] com.zaxxer.hikari.HikariDataSource       : HikariPool-1 - Start completed.
2022-11-16 13:47:42.783  INFO 11968 --- [File Watcher] rtingClassPathChangeChangedEventListener : Restarting due to 1 class path change (0 additions, 0 deletions, 1 modification)
2022-11-16 13:47:42.879  INFO 11968 --- [Thread-6] o.apache.catalina.core.StandardService   : Stopping service [Tomcat]
2022-11-16 13:47:42.880  INFO 11968 --- [Thread-6] o.a.c.c.C.[Tomcat].[localhost].[/]       : Destroying Spring FrameworkServlet 'dispatcherServlet'
2022-11-16 13:47:42.884  WARN 11968 --- [Thread-6] o.a.c.loader.WebappClassLoaderBase       : The web application [ROOT] appears to have started a thread named [HikariPool-1 housekeeper] but has failed to stop it. This is very likely to create a memory leak. Stack trace of thread:
 sun.misc.Unsafe.park(Native Method)
 java.util.concurrent.locks.LockSupport.parkNanos(LockSupport.java:215)
 java.util.concurrent.locks.AbstractQueuedSynchronizer$ConditionObject.awaitNanos(AbstractQueuedSynchronizer.java:2078)
 java.util.concurrent.ScheduledThreadPoolExecutor$DelayedWorkQueue.take(ScheduledThreadPoolExecutor.java:1093)
 java.util.concurrent.ScheduledThreadPoolExecutor$DelayedWorkQueue.take(ScheduledThreadPoolExecutor.java:809)
 java.util.concurrent.ThreadPoolExecutor.getTask(ThreadPoolExecutor.java:1074)
 java.util.concurrent.ThreadPoolExecutor.runWorker(ThreadPoolExecutor.java:1134)
 java.util.concurrent.ThreadPoolExecutor$Worker.run(ThreadPoolExecutor.java:624)
 java.lang.Thread.run(Thread.java:748)
2022-11-16 13:47:42.887  INFO 11968 --- [Thread-6] com.zaxxer.hikari.HikariDataSource       : HikariPool-1 - Shutdown initiated...
2022-11-16 13:47:42.893  INFO 11968 --- [Thread-6] com.zaxxer.hikari.HikariDataSource       : HikariPool-1 - Shutdown completed.
2022-11-16 13:47:42.980  INFO 11968 --- [restartedMain] com.mycom.project.ProjectApplication     : Starting ProjectApplication using Java 1.8.0_192 on DESKTOP-KVCQHCD with PID 11968 (C:\SSAFY\javaSpring\Project\bin\main started by SSAFY in C:\SSAFY\javaSpring\Project)
2022-11-16 13:47:42.980  INFO 11968 --- [restartedMain] com.mycom.project.ProjectApplication     : No active profile set, falling back to 1 default profile: "default"
2022-11-16 13:47:43.163  INFO 11968 --- [restartedMain] o.s.b.w.embedded.tomcat.TomcatWebServer  : Tomcat initialized with port(s): 8080 (http)
2022-11-16 13:47:43.163  INFO 11968 --- [restartedMain] o.apache.catalina.core.StandardService   : Starting service [Tomcat]
2022-11-16 13:47:43.163  INFO 11968 --- [restartedMain] org.apache.catalina.core.StandardEngine  : Starting Servlet engine: [Apache Tomcat/9.0.68]
2022-11-16 13:47:43.171  INFO 11968 --- [restartedMain] o.a.c.c.C.[Tomcat].[localhost].[/]       : Initializing Spring embedded WebApplicationContext
2022-11-16 13:47:43.171  INFO 11968 --- [restartedMain] w.s.c.ServletWebServerApplicationContext : Root WebApplicationContext: initialization completed in 190 ms
2022-11-16 13:47:43.243  INFO 11968 --- [restartedMain] o.s.b.a.w.s.WelcomePageHandlerMapping    : Adding welcome page: class path resource [static/index.html]
2022-11-16 13:47:43.282  INFO 11968 --- [restartedMain] o.s.b.d.a.OptionalLiveReloadServer       : LiveReload server is running on port 35729
2022-11-16 13:47:43.290  INFO 11968 --- [restartedMain] o.s.b.w.embedded.tomcat.TomcatWebServer  : Tomcat started on port(s): 8080 (http) with context path ''
2022-11-16 13:47:43.293  INFO 11968 --- [restartedMain] com.mycom.project.ProjectApplication     : Started ProjectApplication in 0.331 seconds (JVM running for 878.382)
2022-11-16 13:47:43.294  INFO 11968 --- [restartedMain] .ConditionEvaluationDeltaLoggingListener : Condition evaluation unchanged
2022-11-16 13:48:18.251  INFO 11968 --- [http-nio-8080-exec-1] o.a.c.c.C.[Tomcat].[localhost].[/]       : Initializing Spring DispatcherServlet 'dispatcherServlet'
2022-11-16 13:48:18.252  INFO 11968 --- [http-nio-8080-exec-1] o.s.web.servlet.DispatcherServlet        : Initializing Servlet 'dispatcherServlet'
2022-11-16 13:48:18.253  INFO 11968 --- [http-nio-8080-exec-1] o.s.web.servlet.DispatcherServlet        : Completed initialization in 1 ms
2022-11-16 13:48:18.258  INFO 11968 --- [http-nio-8080-exec-1] com.zaxxer.hikari.HikariDataSource       : HikariPool-2 - Starting...
2022-11-16 13:48:18.270  INFO 11968 --- [http-nio-8080-exec-1] com.zaxxer.hikari.HikariDataSource       : HikariPool-2 - Start completed.
2022-11-16 14:39:51.278  INFO 11968 --- [File Watcher] rtingClassPathChangeChangedEventListener : Restarting due to 1 class path change (0 additions, 0 deletions, 1 modification)
2022-11-16 14:39:51.356  INFO 11968 --- [Thread-8] o.apache.catalina.core.StandardService   : Stopping service [Tomcat]
2022-11-16 14:39:51.358  INFO 11968 --- [Thread-8] o.a.c.c.C.[Tomcat].[localhost].[/]       : Destroying Spring FrameworkServlet 'dispatcherServlet'
2022-11-16 14:39:51.362  WARN 11968 --- [Thread-8] o.a.c.loader.WebappClassLoaderBase       : The web application [ROOT] appears to have started a thread named [HikariPool-2 housekeeper] but has failed to stop it. This is very likely to create a memory leak. Stack trace of thread:
 sun.misc.Unsafe.park(Native Method)
 java.util.concurrent.locks.LockSupport.parkNanos(LockSupport.java:215)
 java.util.concurrent.locks.AbstractQueuedSynchronizer$ConditionObject.awaitNanos(AbstractQueuedSynchronizer.java:2078)
 java.util.concurrent.ScheduledThreadPoolExecutor$DelayedWorkQueue.take(ScheduledThreadPoolExecutor.java:1093)
 java.util.concurrent.ScheduledThreadPoolExecutor$DelayedWorkQueue.take(ScheduledThreadPoolExecutor.java:809)
 java.util.concurrent.ThreadPoolExecutor.getTask(ThreadPoolExecutor.java:1074)
 java.util.concurrent.ThreadPoolExecutor.runWorker(ThreadPoolExecutor.java:1134)
 java.util.concurrent.ThreadPoolExecutor$Worker.run(ThreadPoolExecutor.java:624)
 java.lang.Thread.run(Thread.java:748)
2022-11-16 14:39:51.365  INFO 11968 --- [Thread-8] com.zaxxer.hikari.HikariDataSource       : HikariPool-2 - Shutdown initiated...
2022-11-16 14:39:51.369  INFO 11968 --- [Thread-8] com.zaxxer.hikari.HikariDataSource       : HikariPool-2 - Shutdown completed.
2022-11-16 14:39:51.470  INFO 11968 --- [restartedMain] com.mycom.project.ProjectApplication     : Starting ProjectApplication using Java 1.8.0_192 on DESKTOP-KVCQHCD with PID 11968 (C:\SSAFY\javaSpring\Project\bin\main started by SSAFY in C:\SSAFY\javaSpring\Project)
2022-11-16 14:39:51.470  INFO 11968 --- [restartedMain] com.mycom.project.ProjectApplication     : No active profile set, falling back to 1 default profile: "default"
2022-11-16 14:39:51.642  INFO 11968 --- [restartedMain] o.s.b.w.embedded.tomcat.TomcatWebServer  : Tomcat initialized with port(s): 8080 (http)
2022-11-16 14:39:51.643  INFO 11968 --- [restartedMain] o.apache.catalina.core.StandardService   : Starting service [Tomcat]
2022-11-16 14:39:51.643  INFO 11968 --- [restartedMain] org.apache.catalina.core.StandardEngine  : Starting Servlet engine: [Apache Tomcat/9.0.68]
2022-11-16 14:39:51.650  INFO 11968 --- [restartedMain] o.a.c.c.C.[Tomcat].[localhost].[/]       : Initializing Spring embedded WebApplicationContext
2022-11-16 14:39:51.650  INFO 11968 --- [restartedMain] w.s.c.ServletWebServerApplicationContext : Root WebApplicationContext: initialization completed in 178 ms
2022-11-16 14:39:51.717  INFO 11968 --- [restartedMain] o.s.b.a.w.s.WelcomePageHandlerMapping    : Adding welcome page: class path resource [static/index.html]
2022-11-16 14:39:51.754  INFO 11968 --- [restartedMain] o.s.b.d.a.OptionalLiveReloadServer       : LiveReload server is running on port 35729
2022-11-16 14:39:51.761  INFO 11968 --- [restartedMain] o.s.b.w.embedded.tomcat.TomcatWebServer  : Tomcat started on port(s): 8080 (http) with context path ''
2022-11-16 14:39:51.764  INFO 11968 --- [restartedMain] com.mycom.project.ProjectApplication     : Started ProjectApplication in 0.309 seconds (JVM running for 4006.853)
2022-11-16 14:39:51.764  INFO 11968 --- [restartedMain] .ConditionEvaluationDeltaLoggingListener : Condition evaluation unchanged
2022-11-16 14:39:58.397  INFO 11968 --- [File Watcher] rtingClassPathChangeChangedEventListener : Restarting due to 1 class path change (0 additions, 0 deletions, 1 modification)
2022-11-16 14:39:58.489  INFO 11968 --- [Thread-12] o.apache.catalina.core.StandardService   : Stopping service [Tomcat]
2022-11-16 14:39:58.596  INFO 11968 --- [restartedMain] com.mycom.project.ProjectApplication     : Starting ProjectApplication using Java 1.8.0_192 on DESKTOP-KVCQHCD with PID 11968 (C:\SSAFY\javaSpring\Project\bin\main started by SSAFY in C:\SSAFY\javaSpring\Project)
2022-11-16 14:39:58.596  INFO 11968 --- [restartedMain] com.mycom.project.ProjectApplication     : No active profile set, falling back to 1 default profile: "default"
2022-11-16 14:39:58.755  INFO 11968 --- [restartedMain] o.s.b.w.embedded.tomcat.TomcatWebServer  : Tomcat initialized with port(s): 8080 (http)
2022-11-16 14:39:58.755  INFO 11968 --- [restartedMain] o.apache.catalina.core.StandardService   : Starting service [Tomcat]
2022-11-16 14:39:58.755  INFO 11968 --- [restartedMain] org.apache.catalina.core.StandardEngine  : Starting Servlet engine: [Apache Tomcat/9.0.68]
2022-11-16 14:39:58.764  INFO 11968 --- [restartedMain] o.a.c.c.C.[Tomcat].[localhost].[/]       : Initializing Spring embedded WebApplicationContext
2022-11-16 14:39:58.764  INFO 11968 --- [restartedMain] w.s.c.ServletWebServerApplicationContext : Root WebApplicationContext: initialization completed in 167 ms
2022-11-16 14:39:58.825  INFO 11968 --- [restartedMain] o.s.b.a.w.s.WelcomePageHandlerMapping    : Adding welcome page: class path resource [static/index.html]
2022-11-16 14:39:58.858  INFO 11968 --- [restartedMain] o.s.b.d.a.OptionalLiveReloadServer       : LiveReload server is running on port 35729
2022-11-16 14:39:58.864  INFO 11968 --- [restartedMain] o.s.b.w.embedded.tomcat.TomcatWebServer  : Tomcat started on port(s): 8080 (http) with context path ''
2022-11-16 14:39:58.867  INFO 11968 --- [restartedMain] com.mycom.project.ProjectApplication     : Started ProjectApplication in 0.288 seconds (JVM running for 4013.957)
2022-11-16 14:39:58.868  INFO 11968 --- [restartedMain] .ConditionEvaluationDeltaLoggingListener : Condition evaluation unchanged
2022-11-16 14:40:13.834  INFO 11968 --- [File Watcher] rtingClassPathChangeChangedEventListener : Restarting due to 1 class path change (0 additions, 0 deletions, 1 modification)
2022-11-16 14:40:13.924  INFO 11968 --- [Thread-16] o.apache.catalina.core.StandardService   : Stopping service [Tomcat]
2022-11-16 14:40:14.058  INFO 11968 --- [restartedMain] com.mycom.project.ProjectApplication     : Starting ProjectApplication using Java 1.8.0_192 on DESKTOP-KVCQHCD with PID 11968 (C:\SSAFY\javaSpring\Project\bin\main started by SSAFY in C:\SSAFY\javaSpring\Project)
2022-11-16 14:40:14.059  INFO 11968 --- [restartedMain] com.mycom.project.ProjectApplication     : No active profile set, falling back to 1 default profile: "default"
2022-11-16 14:40:14.219  INFO 11968 --- [restartedMain] o.s.b.w.embedded.tomcat.TomcatWebServer  : Tomcat initialized with port(s): 8080 (http)
2022-11-16 14:40:14.220  INFO 11968 --- [restartedMain] o.apache.catalina.core.StandardService   : Starting service [Tomcat]
2022-11-16 14:40:14.220  INFO 11968 --- [restartedMain] org.apache.catalina.core.StandardEngine  : Starting Servlet engine: [Apache Tomcat/9.0.68]
2022-11-16 14:40:14.227  INFO 11968 --- [restartedMain] o.a.c.c.C.[Tomcat].[localhost].[/]       : Initializing Spring embedded WebApplicationContext
2022-11-16 14:40:14.227  INFO 11968 --- [restartedMain] w.s.c.ServletWebServerApplicationContext : Root WebApplicationContext: initialization completed in 167 ms
2022-11-16 14:40:14.286  INFO 11968 --- [restartedMain] o.s.b.a.w.s.WelcomePageHandlerMapping    : Adding welcome page: class path resource [static/index.html]
2022-11-16 14:40:14.319  INFO 11968 --- [restartedMain] o.s.b.d.a.OptionalLiveReloadServer       : LiveReload server is running on port 35729
2022-11-16 14:40:14.326  INFO 11968 --- [restartedMain] o.s.b.w.embedded.tomcat.TomcatWebServer  : Tomcat started on port(s): 8080 (http) with context path ''
2022-11-16 14:40:14.328  INFO 11968 --- [restartedMain] com.mycom.project.ProjectApplication     : Started ProjectApplication in 0.285 seconds (JVM running for 4029.418)
2022-11-16 14:40:14.329  INFO 11968 --- [restartedMain] .ConditionEvaluationDeltaLoggingListener : Condition evaluation unchanged
2022-11-16 14:40:41.722  INFO 11968 --- [File Watcher] rtingClassPathChangeChangedEventListener : Restarting due to 1 class path change (0 additions, 0 deletions, 1 modification)
2022-11-16 14:40:41.812  INFO 11968 --- [Thread-20] o.apache.catalina.core.StandardService   : Stopping service [Tomcat]
2022-11-16 14:40:41.865  INFO 11968 --- [restartedMain] com.mycom.project.ProjectApplication     : Starting ProjectApplication using Java 1.8.0_192 on DESKTOP-KVCQHCD with PID 11968 (C:\SSAFY\javaSpring\Project\bin\main started by SSAFY in C:\SSAFY\javaSpring\Project)
2022-11-16 14:40:41.865  INFO 11968 --- [restartedMain] com.mycom.project.ProjectApplication     : No active profile set, falling back to 1 default profile: "default"
2022-11-16 14:40:42.021  INFO 11968 --- [restartedMain] o.s.b.w.embedded.tomcat.TomcatWebServer  : Tomcat initialized with port(s): 8080 (http)
2022-11-16 14:40:42.022  INFO 11968 --- [restartedMain] o.apache.catalina.core.StandardService   : Starting service [Tomcat]
2022-11-16 14:40:42.022  INFO 11968 --- [restartedMain] org.apache.catalina.core.StandardEngine  : Starting Servlet engine: [Apache Tomcat/9.0.68]
2022-11-16 14:40:42.029  INFO 11968 --- [restartedMain] o.a.c.c.C.[Tomcat].[localhost].[/]       : Initializing Spring embedded WebApplicationContext
2022-11-16 14:40:42.029  INFO 11968 --- [restartedMain] w.s.c.ServletWebServerApplicationContext : Root WebApplicationContext: initialization completed in 163 ms
2022-11-16 14:40:42.084  INFO 11968 --- [restartedMain] o.s.b.a.w.s.WelcomePageHandlerMapping    : Adding welcome page: class path resource [static/index.html]
2022-11-16 14:40:42.116  INFO 11968 --- [restartedMain] o.s.b.d.a.OptionalLiveReloadServer       : LiveReload server is running on port 35729
2022-11-16 14:40:42.122  INFO 11968 --- [restartedMain] o.s.b.w.embedded.tomcat.TomcatWebServer  : Tomcat started on port(s): 8080 (http) with context path ''
2022-11-16 14:40:42.125  INFO 11968 --- [restartedMain] com.mycom.project.ProjectApplication     : Started ProjectApplication in 0.274 seconds (JVM running for 4057.214)
2022-11-16 14:40:42.126  INFO 11968 --- [restartedMain] .ConditionEvaluationDeltaLoggingListener : Condition evaluation unchanged
2022-11-16 14:41:04.369  INFO 11968 --- [File Watcher] rtingClassPathChangeChangedEventListener : Restarting due to 2 class path changes (0 additions, 0 deletions, 2 modifications)
2022-11-16 14:41:04.445  INFO 11968 --- [Thread-24] o.apache.catalina.core.StandardService   : Stopping service [Tomcat]
2022-11-16 14:41:04.577  INFO 11968 --- [restartedMain] com.mycom.project.ProjectApplication     : Starting ProjectApplication using Java 1.8.0_192 on DESKTOP-KVCQHCD with PID 11968 (C:\SSAFY\javaSpring\Project\bin\main started by SSAFY in C:\SSAFY\javaSpring\Project)
2022-11-16 14:41:04.577  INFO 11968 --- [restartedMain] com.mycom.project.ProjectApplication     : No active profile set, falling back to 1 default profile: "default"
2022-11-16 14:41:04.733  INFO 11968 --- [restartedMain] o.s.b.w.embedded.tomcat.TomcatWebServer  : Tomcat initialized with port(s): 8080 (http)
2022-11-16 14:41:04.733  INFO 11968 --- [restartedMain] o.apache.catalina.core.StandardService   : Starting service [Tomcat]
2022-11-16 14:41:04.733  INFO 11968 --- [restartedMain] org.apache.catalina.core.StandardEngine  : Starting Servlet engine: [Apache Tomcat/9.0.68]
2022-11-16 14:41:04.741  INFO 11968 --- [restartedMain] o.a.c.c.C.[Tomcat].[localhost].[/]       : Initializing Spring embedded WebApplicationContext
2022-11-16 14:41:04.741  INFO 11968 --- [restartedMain] w.s.c.ServletWebServerApplicationContext : Root WebApplicationContext: initialization completed in 163 ms
2022-11-16 14:41:04.794  INFO 11968 --- [restartedMain] o.s.b.a.w.s.WelcomePageHandlerMapping    : Adding welcome page: class path resource [static/index.html]
2022-11-16 14:41:04.827  INFO 11968 --- [restartedMain] o.s.b.d.a.OptionalLiveReloadServer       : LiveReload server is running on port 35729
2022-11-16 14:41:04.834  INFO 11968 --- [restartedMain] o.s.b.w.embedded.tomcat.TomcatWebServer  : Tomcat started on port(s): 8080 (http) with context path ''
2022-11-16 14:41:04.837  INFO 11968 --- [restartedMain] com.mycom.project.ProjectApplication     : Started ProjectApplication in 0.274 seconds (JVM running for 4079.927)
2022-11-16 14:41:04.837  INFO 11968 --- [restartedMain] .ConditionEvaluationDeltaLoggingListener : Condition evaluation unchanged
2022-11-16 14:41:17.696  INFO 11968 --- [File Watcher] rtingClassPathChangeChangedEventListener : Restarting due to 1 class path change (0 additions, 0 deletions, 1 modification)
2022-11-16 14:41:17.765  INFO 11968 --- [Thread-28] o.apache.catalina.core.StandardService   : Stopping service [Tomcat]
2022-11-16 14:41:17.827  INFO 11968 --- [restartedMain] com.mycom.project.ProjectApplication     : Starting ProjectApplication using Java 1.8.0_192 on DESKTOP-KVCQHCD with PID 11968 (C:\SSAFY\javaSpring\Project\bin\main started by SSAFY in C:\SSAFY\javaSpring\Project)
2022-11-16 14:41:17.828  INFO 11968 --- [restartedMain] com.mycom.project.ProjectApplication     : No active profile set, falling back to 1 default profile: "default"
2022-11-16 14:41:17.987  INFO 11968 --- [restartedMain] o.s.b.w.embedded.tomcat.TomcatWebServer  : Tomcat initialized with port(s): 8080 (http)
2022-11-16 14:41:17.987  INFO 11968 --- [restartedMain] o.apache.catalina.core.StandardService   : Starting service [Tomcat]
2022-11-16 14:41:17.987  INFO 11968 --- [restartedMain] org.apache.catalina.core.StandardEngine  : Starting Servlet engine: [Apache Tomcat/9.0.68]
2022-11-16 14:41:17.995  INFO 11968 --- [restartedMain] o.a.c.c.C.[Tomcat].[localhost].[/]       : Initializing Spring embedded WebApplicationContext
2022-11-16 14:41:17.995  INFO 11968 --- [restartedMain] w.s.c.ServletWebServerApplicationContext : Root WebApplicationContext: initialization completed in 166 ms
2022-11-16 14:41:18.048  INFO 11968 --- [restartedMain] o.s.b.a.w.s.WelcomePageHandlerMapping    : Adding welcome page: class path resource [static/index.html]
2022-11-16 14:41:18.079  INFO 11968 --- [restartedMain] o.s.b.d.a.OptionalLiveReloadServer       : LiveReload server is running on port 35729
2022-11-16 14:41:18.086  INFO 11968 --- [restartedMain] o.s.b.w.embedded.tomcat.TomcatWebServer  : Tomcat started on port(s): 8080 (http) with context path ''
2022-11-16 14:41:18.089  INFO 11968 --- [restartedMain] com.mycom.project.ProjectApplication     : Started ProjectApplication in 0.276 seconds (JVM running for 4093.178)
2022-11-16 14:41:18.089  INFO 11968 --- [restartedMain] .ConditionEvaluationDeltaLoggingListener : Condition evaluation unchanged
2022-11-16 14:42:02.148  INFO 11968 --- [File Watcher] rtingClassPathChangeChangedEventListener : Restarting due to 1 class path change (0 additions, 0 deletions, 1 modification)
2022-11-16 14:42:02.214  INFO 11968 --- [Thread-32] o.apache.catalina.core.StandardService   : Stopping service [Tomcat]
2022-11-16 14:42:02.304  INFO 11968 --- [restartedMain] com.mycom.project.ProjectApplication     : Starting ProjectApplication using Java 1.8.0_192 on DESKTOP-KVCQHCD with PID 11968 (C:\SSAFY\javaSpring\Project\bin\main started by SSAFY in C:\SSAFY\javaSpring\Project)
2022-11-16 14:42:02.304  INFO 11968 --- [restartedMain] com.mycom.project.ProjectApplication     : No active profile set, falling back to 1 default profile: "default"
2022-11-16 14:42:02.462  INFO 11968 --- [restartedMain] o.s.b.w.embedded.tomcat.TomcatWebServer  : Tomcat initialized with port(s): 8080 (http)
2022-11-16 14:42:02.462  INFO 11968 --- [restartedMain] o.apache.catalina.core.StandardService   : Starting service [Tomcat]
2022-11-16 14:42:02.462  INFO 11968 --- [restartedMain] org.apache.catalina.core.StandardEngine  : Starting Servlet engine: [Apache Tomcat/9.0.68]
2022-11-16 14:42:02.468  INFO 11968 --- [restartedMain] o.a.c.c.C.[Tomcat].[localhost].[/]       : Initializing Spring embedded WebApplicationContext
2022-11-16 14:42:02.469  INFO 11968 --- [restartedMain] w.s.c.ServletWebServerApplicationContext : Root WebApplicationContext: initialization completed in 164 ms
2022-11-16 14:42:02.519  INFO 11968 --- [restartedMain] o.s.b.a.w.s.WelcomePageHandlerMapping    : Adding welcome page: class path resource [static/index.html]
2022-11-16 14:42:02.549  INFO 11968 --- [restartedMain] o.s.b.d.a.OptionalLiveReloadServer       : LiveReload server is running on port 35729
2022-11-16 14:42:02.556  INFO 11968 --- [restartedMain] o.s.b.w.embedded.tomcat.TomcatWebServer  : Tomcat started on port(s): 8080 (http) with context path ''
2022-11-16 14:42:02.559  INFO 11968 --- [restartedMain] com.mycom.project.ProjectApplication     : Started ProjectApplication in 0.27 seconds (JVM running for 4137.649)
2022-11-16 14:42:02.559  INFO 11968 --- [restartedMain] .ConditionEvaluationDeltaLoggingListener : Condition evaluation unchanged
2022-11-16 15:08:00.212  INFO 11968 --- [http-nio-8080-exec-1] o.a.c.c.C.[Tomcat].[localhost].[/]       : Initializing Spring DispatcherServlet 'dispatcherServlet'
2022-11-16 15:08:00.213  INFO 11968 --- [http-nio-8080-exec-1] o.s.web.servlet.DispatcherServlet        : Initializing Servlet 'dispatcherServlet'
2022-11-16 15:08:00.213  INFO 11968 --- [http-nio-8080-exec-1] o.s.web.servlet.DispatcherServlet        : Completed initialization in 0 ms
2022-11-16 15:11:10.804  INFO 11968 --- [http-nio-8080-exec-9] com.zaxxer.hikari.HikariDataSource       : HikariPool-3 - Starting...
2022-11-16 15:11:10.814  INFO 11968 --- [http-nio-8080-exec-9] com.zaxxer.hikari.HikariDataSource       : HikariPool-3 - Start completed.
2022-11-16 15:33:33.787  WARN 11968 --- [http-nio-8080-exec-7] .m.m.a.ExceptionHandlerExceptionResolver : Resolved [org.springframework.web.HttpMediaTypeNotSupportedException: Content type 'application/x-www-form-urlencoded;charset=UTF-8' not supported]
2022-11-16 15:33:34.977  WARN 11968 --- [http-nio-8080-exec-3] .m.m.a.ExceptionHandlerExceptionResolver : Resolved [org.springframework.web.HttpMediaTypeNotSupportedException: Content type 'application/x-www-form-urlencoded;charset=UTF-8' not supported]
2022-11-16 17:22:58.241  INFO 11968 --- [RMI TCP Connection(2)-127.0.0.1] inMXBeanRegistrar$SpringApplicationAdmin : Application shutdown requested.
2022-11-16 17:22:58.325  INFO 11968 --- [RMI TCP Connection(2)-127.0.0.1] o.apache.catalina.core.StandardService   : Stopping service [Tomcat]
2022-11-16 17:22:58.327  INFO 11968 --- [RMI TCP Connection(2)-127.0.0.1] o.a.c.c.C.[Tomcat].[localhost].[/]       : Destroying Spring FrameworkServlet 'dispatcherServlet'
2022-11-16 17:22:58.332  WARN 11968 --- [RMI TCP Connection(2)-127.0.0.1] o.a.c.loader.WebappClassLoaderBase       : The web application [ROOT] appears to have started a thread named [HikariPool-3 housekeeper] but has failed to stop it. This is very likely to create a memory leak. Stack trace of thread:
 sun.misc.Unsafe.park(Native Method)
 java.util.concurrent.locks.LockSupport.parkNanos(LockSupport.java:215)
 java.util.concurrent.locks.AbstractQueuedSynchronizer$ConditionObject.awaitNanos(AbstractQueuedSynchronizer.java:2078)
 java.util.concurrent.ScheduledThreadPoolExecutor$DelayedWorkQueue.take(ScheduledThreadPoolExecutor.java:1093)
 java.util.concurrent.ScheduledThreadPoolExecutor$DelayedWorkQueue.take(ScheduledThreadPoolExecutor.java:809)
 java.util.concurrent.ThreadPoolExecutor.getTask(ThreadPoolExecutor.java:1074)
 java.util.concurrent.ThreadPoolExecutor.runWorker(ThreadPoolExecutor.java:1134)
 java.util.concurrent.ThreadPoolExecutor$Worker.run(ThreadPoolExecutor.java:624)
 java.lang.Thread.run(Thread.java:748)
2022-11-16 17:22:58.335  INFO 11968 --- [RMI TCP Connection(2)-127.0.0.1] com.zaxxer.hikari.HikariDataSource       : HikariPool-3 - Shutdown initiated...
2022-11-16 17:22:58.340  INFO 11968 --- [RMI TCP Connection(2)-127.0.0.1] com.zaxxer.hikari.HikariDataSource       : HikariPool-3 - Shutdown completed.
